This is pdfeTeX, Version 3.141592-1.21a-2.2 (Web2C 7.5.4) (format=latex 2007.11.15)  19 AUG 2011 22:01
entering extended mode
**./images.tex
(./images.tex
LaTeX2e <2003/12/01>
Babel <v3.8d> and hyphenation patterns for american, french, german, ngerman, b
ahasa, basque, bulgarian, catalan, croatian, czech, danish, dutch, esperanto, e
stonian, finnish, greek, icelandic, irish, italian, latin, magyar, norsk, polis
h, portuges, romanian, russian, serbian, slovak, slovene, spanish, swedish, tur
kish, ukrainian, nohyphenation, loaded.


(/usr/share/texmf-tetex/tex/latex/base/latex209.def
File: latex209.def 1998/05/13 v0.52 Standard LaTeX file


          Entering LaTeX 2.09 COMPATIBILITY MODE
 *************************************************************
    !!WARNING!!    !!WARNING!!    !!WARNING!!    !!WARNING!!   
 
 This mode attempts to provide an emulation of the LaTeX 2.09
 author environment so that OLD documents can be successfully
 processed. It should NOT be used for NEW documents!
 
 New documents should use Standard LaTeX conventions and start
 with the \documentclass command.
 
 Compatibility mode is UNLIKELY TO WORK with LaTeX 2.09 style
 files that change any internal macros, especially not with
 those that change the FONT SELECTION or OUTPUT ROUTINES.
 
 Therefore such style files MUST BE UPDATED to use
          Current Standard LaTeX: LaTeX2e.
 If you suspect that you may be using such a style file, which
 is probably very, very old by now, then you should attempt to
 get it updated by sending a copy of this error message to the
 author of that file.
 *************************************************************

\footheight=\dimen102
\@maxsep=\dimen103
\@dblmaxsep=\dimen104
\@cla=\count79
\@clb=\count80
\mscount=\count81
(/usr/share/texmf-tetex/tex/latex/base/tracefnt.sty
Package: tracefnt 1997/05/29 v3.0j Standard LaTeX package (font tracing)
\tracingfonts=\count82
LaTeX Info: Redefining \selectfont on input line 101.
)
\symbold=\mathgroup4
\symsans=\mathgroup5
\symtypewriter=\mathgroup6
\symitalic=\mathgroup7
\symsmallcaps=\mathgroup8
\symslanted=\mathgroup9
LaTeX Font Info:    Redeclaring math alphabet \mathbf on input line 293.
LaTeX Font Info:    Redeclaring math alphabet \mathsf on input line 294.
LaTeX Font Info:    Redeclaring math alphabet \mathtt on input line 295.
LaTeX Font Info:    Redeclaring math alphabet \mathit on input line 301.
LaTeX Info: Redefining \em on input line 311.

(/usr/share/texmf-tetex/tex/latex/base/latexsym.sty
Package: latexsym 1998/08/17 v2.2e Standard LaTeX package (lasy symbols)
\symlasy=\mathgroup10
LaTeX Font Info:    Overwriting symbol font `lasy' in version `bold'
(Font)                  U/lasy/m/n --> U/lasy/b/n on input line 47.
)
LaTeX Font Info:    Redeclaring math delimiter \lgroup on input line 375.
LaTeX Font Info:    Redeclaring math delimiter \rgroup on input line 377.
LaTeX Font Info:    Redeclaring math delimiter \bracevert on input line 379.

(/usr/share/texmf-tetex/tex/latex/base/latex209.cfg
File: latex209.cfg 2001/06/05 v1.0 teTeX customized LaTeX 2.09 compatibility mo
de setup
)
(/usr/share/texmf-tetex/tex/latex/tools/rawfonts.sty
Package: rawfonts 1994/05/08 Low-level LaTeX 2.09 font compatibility

(/usr/share/texmf-tetex/tex/latex/tools/somedefs.sty
Package: somedefs 1994/06/01 v0.03 Toolkit for optional definitions
)
LaTeX Font Info:    Try loading font information for U+lasy on input line 44.

(/usr/share/texmf-tetex/tex/latex/base/ulasy.fd
File: ulasy.fd 1998/08/17 v2.2e LaTeX symbol font definitions
)))
(/usr/share/texmf-tetex/tex/latex/base/report.cls
Document Class: report 2004/02/16 v1.4f Standard LaTeX document class
(/usr/share/texmf-tetex/tex/latex/base/size10.clo
File: size10.clo 2004/02/16 v1.4f Standard LaTeX file (size option)
)
\c@part=\count83
\c@chapter=\count84
\c@section=\count85
\c@subsection=\count86
\c@subsubsection=\count87
\c@paragraph=\count88
\c@subparagraph=\count89
\c@figure=\count90
\c@table=\count91
\abovecaptionskip=\skip41
\belowcaptionskip=\skip42
Compatibility mode: definition of \rm ignored.
Compatibility mode: definition of \sf ignored.
Compatibility mode: definition of \tt ignored.
Compatibility mode: definition of \bf ignored.
Compatibility mode: definition of \it ignored.
Compatibility mode: definition of \sl ignored.
Compatibility mode: definition of \sc ignored.
LaTeX Info: Redefining \cal on input line 586.
LaTeX Info: Redefining \mit on input line 587.
\bibindent=\dimen105
)
(/usr/share/texmf/tex/latex/html/html.sty)
(/usr/share/texmf-tetex/tex/latex/base/makeidx.sty
Package: makeidx 2000/03/29 v1.0m Standard LaTeX package
)
(/usr/share/texmf-tetex/tex/generic/epsf/epsf.tex
This is `epsf.tex' v2.7k <10 July 1997>
\epsffilein=\read1
\epsfframemargin=\dimen106
\epsfframethickness=\dimen107
\epsfrsize=\dimen108
\epsftmp=\dimen109
\epsftsize=\dimen110
\epsfxsize=\dimen111
\epsfysize=\dimen112
\pspoints=\dimen113
\epsfnoopenhelp=\toks14
) (/usr/share/texmf-tetex/tex/latex/base/ifthen.sty
Package: ifthen 2001/05/26 v1.1c Standard LaTeX ifthen package (DPC)
)
\@indexfile=\write3
\openout3 = `images.idx'.


Writing index file images.idx

! LaTeX Error: LaTeX2e command \usepackage in LaTeX 2.09 document.

See the LaTeX manual or LaTeX Companion for explanation.
Type  H <return>  for immediate help.
 ...                                              
                                                  
l.53 \usepackage
                []{inputenc}
This is a LaTeX 2.09 document, but it contains \usepackage.
If you want to use the new features of LaTeX2e, your document
should begin with \documentclass rather than \documentstyle


! LaTeX Error: \usepackage before \documentclass.

See the LaTeX manual or LaTeX Companion for explanation.
Type  H <return>  for immediate help.
 ...                                              
                                                  
l.53 \usepackage[]{
                   inputenc}
\usepackage may only appear in the document preamble, i.e.,
between \documentclass and \begin{document}.

\sizebox=\box26
\lthtmlwrite=\write4

! LaTeX Error: Command \selectlanguage already defined.
               Or name \end... illegal, see p.192 of the manual.

See the LaTeX manual or LaTeX Companion for explanation.
Type  H <return>  for immediate help.
 ...                                              
                                                  
l.150 \providecommand{\selectlanguage}[1]{}
                                           %
Your command was ignored.
Type  I <command> <return>  to replace it with another command,
or  <return>  to continue without it.

(./images.aux)
\openout1 = `images.aux'.

LaTeX Font Info:    Checking defaults for OML/cmm/m/it on input line 154.
LaTeX Font Info:    ... okay on input line 154.
LaTeX Font Info:    Checking defaults for T1/cmr/m/n on input line 154.
LaTeX Font Info:    ... okay on input line 154.
LaTeX Font Info:    Checking defaults for OT1/cmr/m/n on input line 154.
LaTeX Font Info:    ... okay on input line 154.
LaTeX Font Info:    Checking defaults for OMS/cmsy/m/n on input line 154.
LaTeX Font Info:    ... okay on input line 154.
LaTeX Font Info:    Checking defaults for OMX/cmex/m/n on input line 154.
LaTeX Font Info:    ... okay on input line 154.
LaTeX Font Info:    Checking defaults for U/cmr/m/n on input line 154.
LaTeX Font Info:    ... okay on input line 154.


latex2htmlLength hsize=451.0pt

latex2htmlLength vsize=554.0pt

latex2htmlLength hoffset=0.0pt

latex2htmlLength voffset=0.0pt

latex2htmlLength topmargin=0.0pt

latex2htmlLength topskip=0.00003pt

latex2htmlLength headheight=0.0pt

latex2htmlLength headsep=0.0pt

latex2htmlLength parskip=7.11317pt

latex2htmlLength oddsidemargin=28.45274pt

latex2htmlLength evensidemargin=-28.45274pt

LaTeX Font Info:    External font `cmex10' loaded for size
(Font)              <7> on input line 178.
LaTeX Font Info:    External font `cmex10' loaded for size
(Font)              <5> on input line 178.
l2hSize :tex2html_wrap_inline3438:6.83331pt::0.0pt::49.32721pt.
[1



]
l2hSize :table186:502.22223pt::0.0pt::451.0pt.
[2


]
l2hSize :tex2html_wrap_inline1006:6.94444pt::0.0pt::11.76741pt.
[3


]
l2hSize :displaymath1002:13.49998pt::0.0pt::451.0pt.
[4


]
l2hSize :tex2html_wrap_inline1008:7.33331pt::7.33331pt::12.48618pt.
[5


]
l2hSize :tex2html_wrap_inline1010:7.33331pt::7.33331pt::12.48618pt.
[6


]
l2hSize :tex2html_wrap_inline1012:7.33331pt::7.33331pt::39.35498pt.
[7


]
l2hSize :tex2html_wrap_inline1014:6.83331pt::0.0pt::9.625pt.
[8


]
l2hSize :tex2html_wrap_inline1016:6.94444pt::0.0pt::27.87976pt.
[9


]
l2hSize :tex2html_wrap_inline1018:6.59525pt::0.0pt::3.94516pt.
[10


]
l2hSize :tex2html_wrap_inline1020:6.94444pt::0.0pt::25.95097pt.
[11


]
l2hSize :tex2html_wrap_inline1022:8.0pt::8.0pt::88.36049pt.
[12


]
l2hSize :tex2html_wrap_inline1026:6.45831pt::0.0pt::22.48502pt.
[13


]
l2hSize :tex2html_wrap_inline1028:6.95831pt::6.95831pt::18.48616pt.
[14


]
l2hSize :tex2html_wrap_inline1042:6.45831pt::0.0pt::6.22461pt.
[15


]
l2hSize :tex2html_wrap_inline1044:6.45831pt::0.0pt::5.70604pt.
[16


]
l2hSize :tex2html_wrap_inline1054:6.95831pt::6.95831pt::11.38318pt.
[17


]
l2hSize :tex2html_wrap_inline1056:7.09525pt::7.09525pt::8.43129pt.
[18


]
l2hSize :tex2html_wrap_inline1058:6.83331pt::0.0pt::15.26743pt.
[19


]
l2hSize :tex2html_wrap_inline1060:8.0pt::8.0pt::126.28021pt.
[20


]
l2hSize :tex2html_wrap_inline1062:7.44444pt::7.44444pt::9.4306pt.
[21


]
l2hSize :tex2html_wrap_inline1066:6.94444pt::0.0pt::13.6563pt.
[22


]
l2hSize :tex2html_wrap_inline1068:8.0pt::8.0pt::84.34146pt.
[23


]
l2hSize :tex2html_wrap_inline1070:6.95831pt::6.95831pt::9.83339pt.
[24


]
l2hSize :tex2html_wrap_inline1074:6.83331pt::0.0pt::14.0394pt.
[25


]
l2hSize :tex2html_wrap_inline1076:8.0pt::8.0pt::85.51045pt.
[26


]
l2hSize :tex2html_wrap_inline1078:6.95831pt::6.95831pt::10.70143pt.
[27


]
l2hSize :tex2html_wrap_inline1082:6.83331pt::0.0pt::14.54866pt.
[28


]
l2hSize :tex2html_wrap_inline1084:8.0pt::8.0pt::87.39702pt.
[29


]
l2hSize :table619:382.22223pt::0.0pt::451.0pt.
[30


]
l2hSize :tex2html_wrap_inline1086:6.95831pt::6.95831pt::58.70728pt.
[31


]
l2hSize :tex2html_wrap_inline1090:7.33331pt::7.33331pt::26.84715pt.
[32


]
l2hSize :tex2html_wrap_inline1092:8.94843pt::8.94843pt::9.98476pt.
[33


]
l2hSize :displaymath1003:32.3112pt::0.0pt::451.0pt.
[34


]
l2hSize :tex2html_wrap_inline1094:6.94444pt::0.0pt::6.02087pt.
[35


]
l2hSize :tex2html_wrap_inline1096:6.94444pt::0.0pt::3.6806pt.
[36


]
l2hSize :tex2html_wrap_inline1098:6.45831pt::0.0pt::5.50005pt.
[37


]
l2hSize :tex2html_wrap_inline1102:8.0pt::8.0pt::36.01384pt.
[38


] (./images.aux) ) 
Here is how much of TeX's memory you used:
 828 strings out of 94501
 9690 string characters out of 1175793
 57452 words of memory out of 1000000
 4007 multiletter control sequences out of 10000+50000
 22498 words of font info for 84 fonts, out of 500000 for 2000
 580 hyphenation exceptions out of 8191
 25i,4n,22p,281b,202s stack positions out of 1500i,500n,5000p,200000b,5000s

Output written on images.dvi (38 pages, 8396 bytes).
