This file contains any messages produced by compilers while
running configure, to aid debugging if configure makes a mistake.

It was created by Miriad configure ATNF2.0, which was
generated by GNU Autoconf 2.69.  Invocation command line was

  $ ./configure --with-wcslib=/usr/lib/x86_64-linux-gnu --prefix=/usr/local/miriad

## --------- ##
## Platform. ##
## --------- ##

hostname = AU-SCIOPS-01
uname -m = x86_64
uname -r = 6.2.0-39-generic
uname -s = Linux
uname -v = #40~22.04.1-Ubuntu SMP PREEMPT_DYNAMIC Thu Nov 16 10:53:04 UTC 2

/usr/bin/uname -p = x86_64
/bin/uname -X     = unknown

/bin/arch              = x86_64
/usr/bin/arch -k       = unknown
/usr/convex/getsysinfo = unknown
/usr/bin/hostinfo      = unknown
/bin/machine           = unknown
/usr/bin/oslevel       = unknown
/bin/universe          = unknown

PATH: .
PATH: /home/sciops/micromamba/condabin
PATH: /home/sciops/.local/bin
PATH: /usr/local/miriad/linux64/bin/miriad
PATH: /home/sciops/tempo
PATH: /home/sciops/.local/bin
PATH: /usr/local/karma-1.7.25/amd64_Linux_libc6.3/lib
PATH: /usr/local/karma-1.7.25/amd64_Linux_libc6.3//bin
PATH: /usr/local/casa/casa-6.6.0-20-py3.8.el7/bin
PATH: /usr/local/sbin
PATH: /usr/local/bin
PATH: /usr/sbin
PATH: /usr/bin
PATH: /sbin
PATH: /bin
PATH: /usr/games
PATH: /usr/local/games
PATH: /snap/bin
PATH: /usr/local/karma/.login
PATH: /usr/local/karma/.karmarc
PATH: /usr/local/karma/bin
PATH: /usr/local/karma
PATH: /snap/bin


## ----------- ##
## Core tests. ##
## ----------- ##

configure:2314:

Looking for the Fortran compiler...
configure:2374: checking for gfortran
configure:2390: found /usr/bin/gfortran
configure:2401: result: gfortran
configure:2427: checking for Fortran 77 compiler version
configure:2436: gfortran --version >&5
GNU Fortran (Ubuntu 9.5.0-1ubuntu1~22.04) 9.5.0
Copyright (C) 2019 Free Software Foundation, Inc.
This is free software; see the source for copying conditions.  There is NO
warranty; not even for MERCHANTABILITY or FITNESS FOR A PARTICULAR PURPOSE.

configure:2447: $? = 0
configure:2436: gfortran -v >&5
Using built-in specs.
COLLECT_GCC=gfortran
COLLECT_LTO_WRAPPER=/usr/lib/gcc/x86_64-linux-gnu/9/lto-wrapper
OFFLOAD_TARGET_NAMES=nvptx-none:hsa
OFFLOAD_TARGET_DEFAULT=1
Target: x86_64-linux-gnu
Configured with: ../src/configure -v --with-pkgversion='Ubuntu 9.5.0-1ubuntu1~22.04' --with-bugurl=file:///usr/share/doc/gcc-9/README.Bugs --enable-languages=c,ada,c++,go,brig,d,fortran,objc,obj-c++,gm2 --prefix=/usr --with-gcc-major-version-only --program-suffix=-9 --program-prefix=x86_64-linux-gnu- --enable-shared --enable-linker-build-id --libexecdir=/usr/lib --without-included-gettext --enable-threads=posix --libdir=/usr/lib --enable-nls --enable-bootstrap --enable-clocale=gnu --enable-libstdcxx-debug --enable-libstdcxx-time=yes --with-default-libstdcxx-abi=new --enable-gnu-unique-object --disable-vtable-verify --enable-plugin --enable-default-pie --with-system-zlib --with-target-system-zlib=auto --enable-objc-gc=auto --enable-multiarch --disable-werror --with-arch-32=i686 --with-abi=m64 --with-multilib-list=m32,m64,mx32 --enable-multilib --with-tune=generic --enable-offload-targets=nvptx-none=/build/gcc-9-5Q4PKF/gcc-9-9.5.0/debian/tmp-nvptx/usr,hsa --without-cuda-driver --enable-checking=release --build=x86_64-linux-gnu --host=x86_64-linux-gnu --target=x86_64-linux-gnu --with-build-config=bootstrap-lto-lean --enable-link-mutex
Thread model: posix
gcc version 9.5.0 (Ubuntu 9.5.0-1ubuntu1~22.04) 
configure:2447: $? = 0
configure:2436: gfortran -V >&5
gfortran: error: unrecognized command line option '-V'
gfortran: fatal error: no input files
compilation terminated.
configure:2447: $? = 1
configure:2436: gfortran -qversion >&5
gfortran: error: unrecognized command line option '-qversion'; did you mean '--version'?
gfortran: fatal error: no input files
compilation terminated.
configure:2447: $? = 1
configure:2462: checking whether the Fortran 77 compiler works
configure:2484: gfortran   conftest.f  >&5
configure:2488: $? = 0
configure:2536: result: yes
configure:2539: checking for Fortran 77 compiler default output file name
configure:2541: result: a.out
configure:2547: checking for suffix of executables
configure:2554: gfortran -o conftest   conftest.f  >&5
configure:2558: $? = 0
configure:2580: result: 
configure:2596: checking whether we are cross compiling
configure:2604: gfortran -o conftest   conftest.f  >&5
configure:2608: $? = 0
configure:2615: ./conftest
configure:2619: $? = 0
configure:2634: result: no
configure:2639: checking for suffix of object files
configure:2655: gfortran -c  conftest.f >&5
configure:2659: $? = 0
configure:2680: result: o
configure:2688: checking whether we are using the GNU Fortran 77 compiler
configure:2701: gfortran -c  conftest.F >&5
configure:2701: $? = 0
configure:2710: result: yes
configure:2716: checking whether gfortran accepts -g
configure:2727: gfortran -c -g conftest.f >&5
configure:2727: $? = 0
configure:2735: result: yes
configure:2788:

Looking for an ANSI C compiler...
configure:2841: checking for gcc
configure:2857: found /usr/bin/gcc
configure:2868: result: gcc
configure:3097: checking for C compiler version
configure:3106: gcc --version >&5
gcc (Ubuntu 11.4.0-1ubuntu1~22.04) 11.4.0
Copyright (C) 2021 Free Software Foundation, Inc.
This is free software; see the source for copying conditions.  There is NO
warranty; not even for MERCHANTABILITY or FITNESS FOR A PARTICULAR PURPOSE.

configure:3117: $? = 0
configure:3106: gcc -v >&5
Using built-in specs.
COLLECT_GCC=gcc
COLLECT_LTO_WRAPPER=/usr/lib/gcc/x86_64-linux-gnu/11/lto-wrapper
OFFLOAD_TARGET_NAMES=nvptx-none:amdgcn-amdhsa
OFFLOAD_TARGET_DEFAULT=1
Target: x86_64-linux-gnu
Configured with: ../src/configure -v --with-pkgversion='Ubuntu 11.4.0-1ubuntu1~22.04' --with-bugurl=file:///usr/share/doc/gcc-11/README.Bugs --enable-languages=c,ada,c++,go,brig,d,fortran,objc,obj-c++,m2 --prefix=/usr --with-gcc-major-version-only --program-suffix=-11 --program-prefix=x86_64-linux-gnu- --enable-shared --enable-linker-build-id --libexecdir=/usr/lib --without-included-gettext --enable-threads=posix --libdir=/usr/lib --enable-nls --enable-bootstrap --enable-clocale=gnu --enable-libstdcxx-debug --enable-libstdcxx-time=yes --with-default-libstdcxx-abi=new --enable-gnu-unique-object --disable-vtable-verify --enable-plugin --enable-default-pie --with-system-zlib --enable-libphobos-checking=release --with-target-system-zlib=auto --enable-objc-gc=auto --enable-multiarch --disable-werror --enable-cet --with-arch-32=i686 --with-abi=m64 --with-multilib-list=m32,m64,mx32 --enable-multilib --with-tune=generic --enable-offload-targets=nvptx-none=/build/gcc-11-XeT9lY/gcc-11-11.4.0/debian/tmp-nvptx/usr,amdgcn-amdhsa=/build/gcc-11-XeT9lY/gcc-11-11.4.0/debian/tmp-gcn/usr --without-cuda-driver --enable-checking=release --build=x86_64-linux-gnu --host=x86_64-linux-gnu --target=x86_64-linux-gnu --with-build-config=bootstrap-lto-lean --enable-link-serialization=2
Thread model: posix
Supported LTO compression algorithms: zlib zstd
gcc version 11.4.0 (Ubuntu 11.4.0-1ubuntu1~22.04) 
... rest of stderr output deleted ...
configure:3117: $? = 0
configure:3106: gcc -V >&5
gcc: error: unrecognized command-line option '-V'
gcc: fatal error: no input files
compilation terminated.
configure:3117: $? = 1
configure:3106: gcc -qversion >&5
gcc: error: unrecognized command-line option '-qversion'; did you mean '--version'?
gcc: fatal error: no input files
compilation terminated.
configure:3117: $? = 1
configure:3121: checking whether we are using the GNU C compiler
configure:3140: gcc -c   conftest.c >&5
configure:3140: $? = 0
configure:3149: result: yes
configure:3158: checking whether gcc accepts -g
configure:3178: gcc -c -g  conftest.c >&5
configure:3178: $? = 0
configure:3219: result: yes
configure:3236: checking for gcc option to accept ISO C89
configure:3299: gcc  -c -g -O2  conftest.c >&5
configure:3299: $? = 0
configure:3312: result: none needed
configure:3336: checking for gcc option to accept ISO C99
configure:3485: gcc  -c -g -O2  conftest.c >&5
configure:3485: $? = 0
configure:3498: result: none needed
configure:3606: checking for gcc option to accept ISO Standard C
configure:3617: result: none needed
configure:3625: checking for an ANSI C-conforming const
configure:3691: gcc -c -g -O2  conftest.c >&5
configure:3691: $? = 0
configure:3698: result: yes
configure:3711: checking how to run the C preprocessor
configure:3742: gcc -E  conftest.c
configure:3742: $? = 0
configure:3756: gcc -E  conftest.c
conftest.c:9:10: fatal error: ac_nonexistent.h: No such file or directory
    9 | #include <ac_nonexistent.h>
      |          ^~~~~~~~~~~~~~~~~~
compilation terminated.
configure:3756: $? = 1
configure: failed program was:
| /* confdefs.h */
| #define PACKAGE_NAME "Miriad"
| #define PACKAGE_TARNAME "miriad-ATNF2.0"
| #define PACKAGE_VERSION "ATNF2.0"
| #define PACKAGE_STRING "Miriad ATNF2.0"
| #define PACKAGE_BUGREPORT "miriad@atnf.csiro.au"
| #define PACKAGE_URL ""
| /* end confdefs.h.  */
| #include <ac_nonexistent.h>
configure:3781: result: gcc -E
configure:3801: gcc -E  conftest.c
configure:3801: $? = 0
configure:3815: gcc -E  conftest.c
conftest.c:9:10: fatal error: ac_nonexistent.h: No such file or directory
    9 | #include <ac_nonexistent.h>
      |          ^~~~~~~~~~~~~~~~~~
compilation terminated.
configure:3815: $? = 1
configure: failed program was:
| /* confdefs.h */
| #define PACKAGE_NAME "Miriad"
| #define PACKAGE_TARNAME "miriad-ATNF2.0"
| #define PACKAGE_VERSION "ATNF2.0"
| #define PACKAGE_STRING "Miriad ATNF2.0"
| #define PACKAGE_BUGREPORT "miriad@atnf.csiro.au"
| #define PACKAGE_URL ""
| /* end confdefs.h.  */
| #include <ac_nonexistent.h>
configure:3844: checking for grep that handles long lines and -e
configure:3902: result: /usr/bin/grep
configure:3907: checking for egrep
configure:3969: result: /usr/bin/grep -E
configure:3974: checking for ANSI C header files
configure:3994: gcc -c -g -O2  conftest.c >&5
configure:3994: $? = 0
configure:4067: gcc -o conftest -g -O2   conftest.c  >&5
configure:4067: $? = 0
configure:4067: ./conftest
configure:4067: $? = 0
configure:4078: result: yes
configure:4091: checking for sys/types.h
configure:4091: gcc -c -g -O2  conftest.c >&5
configure:4091: $? = 0
configure:4091: result: yes
configure:4091: checking for sys/stat.h
configure:4091: gcc -c -g -O2  conftest.c >&5
configure:4091: $? = 0
configure:4091: result: yes
configure:4091: checking for stdlib.h
configure:4091: gcc -c -g -O2  conftest.c >&5
configure:4091: $? = 0
configure:4091: result: yes
configure:4091: checking for string.h
configure:4091: gcc -c -g -O2  conftest.c >&5
configure:4091: $? = 0
configure:4091: result: yes
configure:4091: checking for memory.h
configure:4091: gcc -c -g -O2  conftest.c >&5
configure:4091: $? = 0
configure:4091: result: yes
configure:4091: checking for strings.h
configure:4091: gcc -c -g -O2  conftest.c >&5
configure:4091: $? = 0
configure:4091: result: yes
configure:4091: checking for inttypes.h
configure:4091: gcc -c -g -O2  conftest.c >&5
configure:4091: $? = 0
configure:4091: result: yes
configure:4091: checking for stdint.h
configure:4091: gcc -c -g -O2  conftest.c >&5
configure:4091: $? = 0
configure:4091: result: yes
configure:4091: checking for unistd.h
configure:4091: gcc -c -g -O2  conftest.c >&5
configure:4091: $? = 0
configure:4091: result: yes
configure:4103: checking for size_t
configure:4103: gcc -c -g -O2  conftest.c >&5
configure:4103: $? = 0
configure:4103: gcc -c -g -O2  conftest.c >&5
conftest.c: In function 'main':
conftest.c:55:21: error: expected expression before ')' token
   55 | if (sizeof ((size_t)))
      |                     ^
configure:4103: $? = 1
configure: failed program was:
| /* confdefs.h */
| #define PACKAGE_NAME "Miriad"
| #define PACKAGE_TARNAME "miriad-ATNF2.0"
| #define PACKAGE_VERSION "ATNF2.0"
| #define PACKAGE_STRING "Miriad ATNF2.0"
| #define PACKAGE_BUGREPORT "miriad@atnf.csiro.au"
| #define PACKAGE_URL ""
| #define STDC_HEADERS 1
| #define HAVE_SYS_TYPES_H 1
| #define HAVE_SYS_STAT_H 1
| #define HAVE_STDLIB_H 1
| #define HAVE_STRING_H 1
| #define HAVE_MEMORY_H 1
| #define HAVE_STRINGS_H 1
| #define HAVE_INTTYPES_H 1
| #define HAVE_STDINT_H 1
| #define HAVE_UNISTD_H 1
| /* end confdefs.h.  */
| #include <stdio.h>
| #ifdef HAVE_SYS_TYPES_H
| # include <sys/types.h>
| #endif
| #ifdef HAVE_SYS_STAT_H
| # include <sys/stat.h>
| #endif
| #ifdef STDC_HEADERS
| # include <stdlib.h>
| # include <stddef.h>
| #else
| # ifdef HAVE_STDLIB_H
| #  include <stdlib.h>
| # endif
| #endif
| #ifdef HAVE_STRING_H
| # if !defined STDC_HEADERS && defined HAVE_MEMORY_H
| #  include <memory.h>
| # endif
| # include <string.h>
| #endif
| #ifdef HAVE_STRINGS_H
| # include <strings.h>
| #endif
| #ifdef HAVE_INTTYPES_H
| # include <inttypes.h>
| #endif
| #ifdef HAVE_STDINT_H
| # include <stdint.h>
| #endif
| #ifdef HAVE_UNISTD_H
| # include <unistd.h>
| #endif
| int
| main ()
| {
| if (sizeof ((size_t)))
| 	    return 0;
|   ;
|   return 0;
| }
configure:4103: result: yes
configure:4129:

Checking ANSI C header files...
configure:4134: checking for ANSI C header files
configure:4238: result: yes
configure:4249: checking errno.h usability
configure:4249: gcc -c -g -O2  conftest.c >&5
configure:4249: $? = 0
configure:4249: result: yes
configure:4249: checking errno.h presence
configure:4249: gcc -E  conftest.c
configure:4249: $? = 0
configure:4249: result: yes
configure:4249: checking for errno.h
configure:4249: result: yes
configure:4249: checking limits.h usability
configure:4249: gcc -c -g -O2  conftest.c >&5
configure:4249: $? = 0
configure:4249: result: yes
configure:4249: checking limits.h presence
configure:4249: gcc -E  conftest.c
configure:4249: $? = 0
configure:4249: result: yes
configure:4249: checking for limits.h
configure:4249: result: yes
configure:4249: checking math.h usability
configure:4249: gcc -c -g -O2  conftest.c >&5
configure:4249: $? = 0
configure:4249: result: yes
configure:4249: checking math.h presence
configure:4249: gcc -E  conftest.c
configure:4249: $? = 0
configure:4249: result: yes
configure:4249: checking for math.h
configure:4249: result: yes
configure:4249: checking stdio.h usability
configure:4249: gcc -c -g -O2  conftest.c >&5
configure:4249: $? = 0
configure:4249: result: yes
configure:4249: checking stdio.h presence
configure:4249: gcc -E  conftest.c
configure:4249: $? = 0
configure:4249: result: yes
configure:4249: checking for stdio.h
configure:4249: result: yes
configure:4249: checking for stdlib.h
configure:4249: result: yes
configure:4249: checking for string.h
configure:4249: result: yes
configure:4273:

Checking for other standard unix header files...
configure:4280: checking for unistd.h
configure:4280: result: yes
configure:4295:

Checking ANSI C library functions...
configure:4300: checking for floor in -lm
configure:4325: gcc -o conftest -g -O2   conftest.c -lm   >&5
conftest.c:34:6: warning: conflicting types for built-in function 'floor'; expected 'double(double)' [-Wbuiltin-declaration-mismatch]
   34 | char floor ();
      |      ^~~~~
conftest.c:1:1: note: 'floor' is declared in header '<math.h>'
    1 | /* confdefs.h */
configure:4325: $? = 0
configure:4334: result: yes
configure:4348: checking for dirent.h that defines DIR
configure:4367: gcc -c -g -O2  conftest.c >&5
configure:4367: $? = 0
configure:4375: result: yes
configure:4388: checking for library containing opendir
configure:4419: gcc -o conftest -g -O2   conftest.c -lm  >&5
configure:4419: $? = 0
configure:4436: result: none required
configure:4503: checking whether closedir returns void
configure:4527: gcc -o conftest -g -O2   conftest.c -lm  >&5
configure:4527: $? = 0
configure:4527: ./conftest
configure:4527: $? = 0
configure:4537: result: no
configure:4545: checking whether sys/types.h defines makedev
configure:4561: gcc -o conftest -g -O2   conftest.c -lm  >&5
conftest.c: In function 'main':
conftest.c:33:8: warning: implicit declaration of function 'makedev' [-Wimplicit-function-declaration]
   33 | return makedev(0, 0);
      |        ^~~~~~~
/usr/bin/ld: /tmp/ccSNhvdb.o: in function `main':
/usr/local/miriad/conftest.c:33: undefined reference to `makedev'
collect2: error: ld returned 1 exit status
configure:4561: $? = 1
configure: failed program was:
| /* confdefs.h */
| #define PACKAGE_NAME "Miriad"
| #define PACKAGE_TARNAME "miriad-ATNF2.0"
| #define PACKAGE_VERSION "ATNF2.0"
| #define PACKAGE_STRING "Miriad ATNF2.0"
| #define PACKAGE_BUGREPORT "miriad@atnf.csiro.au"
| #define PACKAGE_URL ""
| #define STDC_HEADERS 1
| #define HAVE_SYS_TYPES_H 1
| #define HAVE_SYS_STAT_H 1
| #define HAVE_STDLIB_H 1
| #define HAVE_STRING_H 1
| #define HAVE_MEMORY_H 1
| #define HAVE_STRINGS_H 1
| #define HAVE_INTTYPES_H 1
| #define HAVE_STDINT_H 1
| #define HAVE_UNISTD_H 1
| #define STDC_HEADERS 1
| #define HAVE_ERRNO_H 1
| #define HAVE_LIMITS_H 1
| #define HAVE_MATH_H 1
| #define HAVE_STDIO_H 1
| #define HAVE_STDLIB_H 1
| #define HAVE_STRING_H 1
| #define HAVE_UNISTD_H 1
| #define HAVE_LIBM 1
| #define HAVE_DIRENT_H 1
| /* end confdefs.h.  */
| #include <sys/types.h>
| int
| main ()
| {
| return makedev(0, 0);
|   ;
|   return 0;
| }
configure:4570: result: no
configure:4574: checking sys/mkdev.h usability
configure:4574: gcc -c -g -O2  conftest.c >&5
conftest.c:62:10: fatal error: sys/mkdev.h: No such file or directory
   62 | #include <sys/mkdev.h>
      |          ^~~~~~~~~~~~~
compilation terminated.
configure:4574: $? = 1
configure: failed program was:
| /* confdefs.h */
| #define PACKAGE_NAME "Miriad"
| #define PACKAGE_TARNAME "miriad-ATNF2.0"
| #define PACKAGE_VERSION "ATNF2.0"
| #define PACKAGE_STRING "Miriad ATNF2.0"
| #define PACKAGE_BUGREPORT "miriad@atnf.csiro.au"
| #define PACKAGE_URL ""
| #define STDC_HEADERS 1
| #define HAVE_SYS_TYPES_H 1
| #define HAVE_SYS_STAT_H 1
| #define HAVE_STDLIB_H 1
| #define HAVE_STRING_H 1
| #define HAVE_MEMORY_H 1
| #define HAVE_STRINGS_H 1
| #define HAVE_INTTYPES_H 1
| #define HAVE_STDINT_H 1
| #define HAVE_UNISTD_H 1
| #define STDC_HEADERS 1
| #define HAVE_ERRNO_H 1
| #define HAVE_LIMITS_H 1
| #define HAVE_MATH_H 1
| #define HAVE_STDIO_H 1
| #define HAVE_STDLIB_H 1
| #define HAVE_STRING_H 1
| #define HAVE_UNISTD_H 1
| #define HAVE_LIBM 1
| #define HAVE_DIRENT_H 1
| /* end confdefs.h.  */
| #include <stdio.h>
| #ifdef HAVE_SYS_TYPES_H
| # include <sys/types.h>
| #endif
| #ifdef HAVE_SYS_STAT_H
| # include <sys/stat.h>
| #endif
| #ifdef STDC_HEADERS
| # include <stdlib.h>
| # include <stddef.h>
| #else
| # ifdef HAVE_STDLIB_H
| #  include <stdlib.h>
| # endif
| #endif
| #ifdef HAVE_STRING_H
| # if !defined STDC_HEADERS && defined HAVE_MEMORY_H
| #  include <memory.h>
| # endif
| # include <string.h>
| #endif
| #ifdef HAVE_STRINGS_H
| # include <strings.h>
| #endif
| #ifdef HAVE_INTTYPES_H
| # include <inttypes.h>
| #endif
| #ifdef HAVE_STDINT_H
| # include <stdint.h>
| #endif
| #ifdef HAVE_UNISTD_H
| # include <unistd.h>
| #endif
| #include <sys/mkdev.h>
configure:4574: result: no
configure:4574: checking sys/mkdev.h presence
configure:4574: gcc -E  conftest.c
conftest.c:29:10: fatal error: sys/mkdev.h: No such file or directory
   29 | #include <sys/mkdev.h>
      |          ^~~~~~~~~~~~~
compilation terminated.
configure:4574: $? = 1
configure: failed program was:
| /* confdefs.h */
| #define PACKAGE_NAME "Miriad"
| #define PACKAGE_TARNAME "miriad-ATNF2.0"
| #define PACKAGE_VERSION "ATNF2.0"
| #define PACKAGE_STRING "Miriad ATNF2.0"
| #define PACKAGE_BUGREPORT "miriad@atnf.csiro.au"
| #define PACKAGE_URL ""
| #define STDC_HEADERS 1
| #define HAVE_SYS_TYPES_H 1
| #define HAVE_SYS_STAT_H 1
| #define HAVE_STDLIB_H 1
| #define HAVE_STRING_H 1
| #define HAVE_MEMORY_H 1
| #define HAVE_STRINGS_H 1
| #define HAVE_INTTYPES_H 1
| #define HAVE_STDINT_H 1
| #define HAVE_UNISTD_H 1
| #define STDC_HEADERS 1
| #define HAVE_ERRNO_H 1
| #define HAVE_LIMITS_H 1
| #define HAVE_MATH_H 1
| #define HAVE_STDIO_H 1
| #define HAVE_STDLIB_H 1
| #define HAVE_STRING_H 1
| #define HAVE_UNISTD_H 1
| #define HAVE_LIBM 1
| #define HAVE_DIRENT_H 1
| /* end confdefs.h.  */
| #include <sys/mkdev.h>
configure:4574: result: no
configure:4574: checking for sys/mkdev.h
configure:4574: result: no
configure:4584: checking sys/sysmacros.h usability
configure:4584: gcc -c -g -O2  conftest.c >&5
configure:4584: $? = 0
configure:4584: result: yes
configure:4584: checking sys/sysmacros.h presence
configure:4584: gcc -E  conftest.c
configure:4584: $? = 0
configure:4584: result: yes
configure:4584: checking for sys/sysmacros.h
configure:4584: result: yes
configure:4597: checking for stdlib.h
configure:4597: result: yes
configure:4607: checking for GNU libc compatible malloc
configure:4631: gcc -o conftest -g -O2   conftest.c -lm  >&5
configure:4631: $? = 0
configure:4631: ./conftest
configure:4631: $? = 0
configure:4641: result: yes
configure:4662: checking for working memcmp
configure:4705: gcc -o conftest -g -O2   conftest.c -lm  >&5
configure:4705: $? = 0
configure:4705: ./conftest
configure:4705: $? = 0
configure:4715: result: yes
configure:4726: checking for stdlib.h
configure:4726: result: yes
configure:4736: checking for GNU libc compatible realloc
configure:4760: gcc -o conftest -g -O2   conftest.c -lm  >&5
configure:4760: $? = 0
configure:4760: ./conftest
configure:4760: $? = 0
configure:4770: result: yes
configure:4791: checking whether lstat correctly handles trailing slash
configure:4817: gcc -o conftest -g -O2   conftest.c -lm  >&5
configure:4817: $? = 0
configure:4817: ./conftest
configure:4817: $? = 0
configure:4834: result: yes
configure:4853: checking whether stat accepts an empty string
configure:4873: gcc -o conftest -g -O2   conftest.c -lm  >&5
configure:4873: $? = 0
configure:4873: ./conftest
configure:4873: $? = 0
configure:4883: result: no
configure:4899: checking for working strtod
configure:4940: gcc -o conftest -g -O2   conftest.c -lm  >&5
configure:4940: $? = 0
configure:4940: ./conftest
configure:4940: $? = 0
configure:4950: result: yes
configure:5015: checking for bzero
configure:5015: gcc -o conftest -g -O2   conftest.c -lm  >&5
conftest.c:58:6: warning: conflicting types for built-in function 'bzero'; expected 'void(void *, long unsigned int)' [-Wbuiltin-declaration-mismatch]
   58 | char bzero ();
      |      ^~~~~
configure:5015: $? = 0
configure:5015: result: yes
configure:5015: checking for floor
configure:5015: gcc -o conftest -g -O2   conftest.c -lm  >&5
conftest.c:59:6: warning: conflicting types for built-in function 'floor'; expected 'double(double)' [-Wbuiltin-declaration-mismatch]
   59 | char floor ();
      |      ^~~~~
conftest.c:47:1: note: 'floor' is declared in header '<math.h>'
   46 | # include <limits.h>
   47 | #else
configure:5015: $? = 0
configure:5015: result: yes
configure:5015: checking for memset
configure:5015: gcc -o conftest -g -O2   conftest.c -lm  >&5
conftest.c:60:6: warning: conflicting types for built-in function 'memset'; expected 'void *(void *, int,  long unsigned int)' [-Wbuiltin-declaration-mismatch]
   60 | char memset ();
      |      ^~~~~~
conftest.c:48:1: note: 'memset' is declared in header '<string.h>'
   47 | # include <limits.h>
   48 | #else
configure:5015: $? = 0
configure:5015: result: yes
configure:5015: checking for mkdir
configure:5015: gcc -o conftest -g -O2   conftest.c -lm  >&5
configure:5015: $? = 0
configure:5015: result: yes
configure:5015: checking for rmdir
configure:5015: gcc -o conftest -g -O2   conftest.c -lm  >&5
configure:5015: $? = 0
configure:5015: result: yes
configure:5015: checking for strchr
configure:5015: gcc -o conftest -g -O2   conftest.c -lm  >&5
conftest.c:63:6: warning: conflicting types for built-in function 'strchr'; expected 'char *(const char *, int)' [-Wbuiltin-declaration-mismatch]
   63 | char strchr ();
      |      ^~~~~~
conftest.c:51:1: note: 'strchr' is declared in header '<string.h>'
   50 | # include <limits.h>
   51 | #else
configure:5015: $? = 0
configure:5015: result: yes
configure:5015: checking for strerror
configure:5015: gcc -o conftest -g -O2   conftest.c -lm  >&5
configure:5015: $? = 0
configure:5015: result: yes
configure:5028:

Checking for miscellaneous utilities...
configure:5035: checking for ar
configure:5053: found /usr/bin/ar
configure:5065: result: /usr/bin/ar
configure:5077: checking for mandb
configure:5095: found /usr/bin/mandb
configure:5107: result: /usr/bin/mandb
configure:5120: checking for strip
configure:5138: found /usr/bin/strip
configure:5150: result: /usr/bin/strip
configure:5158: checking whether ln -s works
configure:5162: result: yes
configure:5212: checking for ranlib
configure:5228: found /usr/bin/ranlib
configure:5239: result: ranlib
configure:5267:

Looking for directories where third-party libraries may be found...
configure:5304: checking for X
configure:5412: gcc -E  conftest.c
configure:5412: $? = 0
configure:5443: gcc -o conftest -g -O2   conftest.c -lX11 -lm  >&5
configure:5443: $? = 0
configure:5493: result: libraries , headers 
configure:5521: checking for /usr/lib/x86_64-linux-gnu
configure:5535: result: yes
configure:5521: checking for /usr/local/miriad/linux64/lib
configure:5535: result: yes
configure:5521: checking for /usr/local/pgplot
configure:5535: result: no
configure:5521: checking for /usr/local/rpfits
configure:5535: result: yes
configure:5521: checking for /usr/local/wcslib
configure:5535: result: no
configure:5521: checking for /usr/local/gnu/lib
configure:5535: result: no
configure:5521: checking for /usr/local/lib
configure:5535: result: yes
configure:5521: checking for /local/pgplot
configure:5535: result: no
configure:5521: checking for /local/gnu/lib
configure:5535: result: no
configure:5521: checking for /local/lib
configure:5535: result: no
configure:5521: checking for /opt/lib
configure:5535: result: no
configure:5521: checking for /opt/local/lib
configure:5535: result: no
configure:5521: checking for /sw/lib
configure:5535: result: no
configure:5521: checking for /sw/lib/pgplot
configure:5535: result: no
configure:5521: checking for /opt/sw/lib
configure:5535: result: no
configure:5521: checking for /opt/sw/lib/pgplot
configure:5535: result: no
configure:5521: checking for /usr/lib
configure:5535: result: yes
configure:5521: checking for /lib
configure:5535: result: yes
configure:5521: checking for /opt/SUNWspro/lib
configure:5535: result: no
configure:5521: checking for /usr/ucblib
configure:5535: result: no
configure:5548:

Setting -L flags that may be needed by the linker...
configure:5554: checking shared library suffix
configure:5558: result: so
configure:5566: checking for /usr/lib/x86_64-linux-gnu/libpgplot.so
configure:5580: result: no
configure:5591: checking for /usr/lib/x86_64-linux-gnu/libpgplot.a
configure:5605: result: no
configure:5566: checking for /usr/lib/x86_64-linux-gnu/libpng.so
configure:5580: result: yes
configure:5591: checking for /usr/lib/x86_64-linux-gnu/libpng.a
configure:5605: result: yes
configure:5566: checking for /usr/lib/x86_64-linux-gnu/libz.so
configure:5580: result: yes
configure:5591: checking for /usr/lib/x86_64-linux-gnu/libz.a
configure:5605: result: yes
configure:5566: checking for /usr/lib/x86_64-linux-gnu/libF77.so
configure:5580: result: no
configure:5591: checking for /usr/lib/x86_64-linux-gnu/libF77.a
configure:5605: result: no
configure:5566: checking for /usr/lib/x86_64-linux-gnu/libM77.so
configure:5580: result: no
configure:5591: checking for /usr/lib/x86_64-linux-gnu/libM77.a
configure:5605: result: no
configure:5566: checking for /usr/lib/x86_64-linux-gnu/libsunmath.so
configure:5580: result: no
configure:5591: checking for /usr/lib/x86_64-linux-gnu/libsunmath.a
configure:5605: result: no
configure:5566: checking for /usr/lib/x86_64-linux-gnu/libg2c.so
configure:5580: result: no
configure:5591: checking for /usr/lib/x86_64-linux-gnu/libg2c.a
configure:5605: result: no
configure:5566: checking for /usr/lib/x86_64-linux-gnu/libm.so
configure:5580: result: yes
configure:5591: checking for /usr/lib/x86_64-linux-gnu/libm.a
configure:5605: result: yes
configure:5566: checking for /usr/local/miriad/linux64/lib/libpgplot.so
configure:5580: result: no
configure:5591: checking for /usr/local/miriad/linux64/lib/libpgplot.a
configure:5605: result: no
configure:5566: checking for /usr/local/miriad/linux64/lib/libF77.so
configure:5580: result: no
configure:5591: checking for /usr/local/miriad/linux64/lib/libF77.a
configure:5605: result: no
configure:5566: checking for /usr/local/miriad/linux64/lib/libM77.so
configure:5580: result: no
configure:5591: checking for /usr/local/miriad/linux64/lib/libM77.a
configure:5605: result: no
configure:5566: checking for /usr/local/miriad/linux64/lib/libsunmath.so
configure:5580: result: no
configure:5591: checking for /usr/local/miriad/linux64/lib/libsunmath.a
configure:5605: result: no
configure:5566: checking for /usr/local/miriad/linux64/lib/libg2c.so
configure:5580: result: no
configure:5591: checking for /usr/local/miriad/linux64/lib/libg2c.a
configure:5605: result: no
configure:5566: checking for /usr/local/rpfits/libpgplot.so
configure:5580: result: no
configure:5591: checking for /usr/local/rpfits/libpgplot.a
configure:5605: result: no
configure:5566: checking for /usr/local/rpfits/libF77.so
configure:5580: result: no
configure:5591: checking for /usr/local/rpfits/libF77.a
configure:5605: result: no
configure:5566: checking for /usr/local/rpfits/libM77.so
configure:5580: result: no
configure:5591: checking for /usr/local/rpfits/libM77.a
configure:5605: result: no
configure:5566: checking for /usr/local/rpfits/libsunmath.so
configure:5580: result: no
configure:5591: checking for /usr/local/rpfits/libsunmath.a
configure:5605: result: no
configure:5566: checking for /usr/local/rpfits/libg2c.so
configure:5580: result: no
configure:5591: checking for /usr/local/rpfits/libg2c.a
configure:5605: result: no
configure:5566: checking for /usr/local/lib/libpgplot.so
configure:5580: result: no
configure:5591: checking for /usr/local/lib/libpgplot.a
configure:5605: result: no
configure:5566: checking for /usr/local/lib/libF77.so
configure:5580: result: no
configure:5591: checking for /usr/local/lib/libF77.a
configure:5605: result: no
configure:5566: checking for /usr/local/lib/libM77.so
configure:5580: result: no
configure:5591: checking for /usr/local/lib/libM77.a
configure:5605: result: no
configure:5566: checking for /usr/local/lib/libsunmath.so
configure:5580: result: no
configure:5591: checking for /usr/local/lib/libsunmath.a
configure:5605: result: no
configure:5566: checking for /usr/local/lib/libg2c.so
configure:5580: result: no
configure:5591: checking for /usr/local/lib/libg2c.a
configure:5605: result: no
configure:5566: checking for /usr/lib/libpgplot.so
configure:5580: result: yes
configure:5591: checking for /usr/lib/libpgplot.a
configure:5605: result: yes
configure:5566: checking for /usr/lib/libF77.so
configure:5580: result: no
configure:5591: checking for /usr/lib/libF77.a
configure:5605: result: no
configure:5566: checking for /usr/lib/libM77.so
configure:5580: result: no
configure:5591: checking for /usr/lib/libM77.a
configure:5605: result: no
configure:5566: checking for /usr/lib/libsunmath.so
configure:5580: result: no
configure:5591: checking for /usr/lib/libsunmath.a
configure:5605: result: no
configure:5566: checking for /usr/lib/libg2c.so
configure:5580: result: no
configure:5591: checking for /usr/lib/libg2c.a
configure:5605: result: no
configure:5566: checking for /lib/libF77.so
configure:5580: result: no
configure:5591: checking for /lib/libF77.a
configure:5605: result: no
configure:5566: checking for /lib/libM77.so
configure:5580: result: no
configure:5591: checking for /lib/libM77.a
configure:5605: result: no
configure:5566: checking for /lib/libsunmath.so
configure:5580: result: no
configure:5591: checking for /lib/libsunmath.a
configure:5605: result: no
configure:5566: checking for /lib/libg2c.so
configure:5580: result: no
configure:5591: checking for /lib/libg2c.a
configure:5605: result: no
configure:5625: LDFLAGS set to -L/usr/lib/x86_64-linux-gnu
configure:5632:

Looking for platform-specific libraries...
configure:5644: checking for gethostent in -lnsl
configure:5669: gcc -o conftest -g -O2  -L/usr/lib/x86_64-linux-gnu conftest.c -lnsl -lm  -lm  >&5
configure:5669: $? = 0
configure:5678: result: yes
configure:5684: checking for socket in -lsocket
configure:5709: gcc -o conftest -g -O2  -L/usr/lib/x86_64-linux-gnu conftest.c -lsocket -lnsl -lm  -lm  >&5
/usr/bin/ld: cannot find -lsocket: No such file or directory
collect2: error: ld returned 1 exit status
configure:5709: $? = 1
configure: failed program was:
| /* confdefs.h */
| #define PACKAGE_NAME "Miriad"
| #define PACKAGE_TARNAME "miriad-ATNF2.0"
| #define PACKAGE_VERSION "ATNF2.0"
| #define PACKAGE_STRING "Miriad ATNF2.0"
| #define PACKAGE_BUGREPORT "miriad@atnf.csiro.au"
| #define PACKAGE_URL ""
| #define STDC_HEADERS 1
| #define HAVE_SYS_TYPES_H 1
| #define HAVE_SYS_STAT_H 1
| #define HAVE_STDLIB_H 1
| #define HAVE_STRING_H 1
| #define HAVE_MEMORY_H 1
| #define HAVE_STRINGS_H 1
| #define HAVE_INTTYPES_H 1
| #define HAVE_STDINT_H 1
| #define HAVE_UNISTD_H 1
| #define STDC_HEADERS 1
| #define HAVE_ERRNO_H 1
| #define HAVE_LIMITS_H 1
| #define HAVE_MATH_H 1
| #define HAVE_STDIO_H 1
| #define HAVE_STDLIB_H 1
| #define HAVE_STRING_H 1
| #define HAVE_UNISTD_H 1
| #define HAVE_LIBM 1
| #define HAVE_DIRENT_H 1
| #define MAJOR_IN_SYSMACROS 1
| #define HAVE_STDLIB_H 1
| #define HAVE_MALLOC 1
| #define HAVE_STDLIB_H 1
| #define HAVE_REALLOC 1
| #define LSTAT_FOLLOWS_SLASHED_SYMLINK 1
| #define HAVE_BZERO 1
| #define HAVE_FLOOR 1
| #define HAVE_MEMSET 1
| #define HAVE_MKDIR 1
| #define HAVE_RMDIR 1
| #define HAVE_STRCHR 1
| #define HAVE_STRERROR 1
| #define HAVE__USR_LIB_X86_64_LINUX_GNU_LIBPNG_SO 1
| #define HAVE__USR_LIB_X86_64_LINUX_GNU_LIBPNG_A 1
| #define HAVE__USR_LIB_X86_64_LINUX_GNU_LIBZ_SO 1
| #define HAVE__USR_LIB_X86_64_LINUX_GNU_LIBZ_A 1
| #define HAVE__USR_LIB_X86_64_LINUX_GNU_LIBM_SO 1
| #define HAVE__USR_LIB_X86_64_LINUX_GNU_LIBM_A 1
| #define HAVE__USR_LIB_LIBPGPLOT_SO 1
| #define HAVE__USR_LIB_LIBPGPLOT_A 1
| /* end confdefs.h.  */
| 
| /* Override any GCC internal prototype to avoid an error.
|    Use char because int might match the return type of a GCC
|    builtin and then its argument prototype would still apply.  */
| #ifdef __cplusplus
| extern "C"
| #endif
| char socket ();
| int
| main ()
| {
| return socket ();
|   ;
|   return 0;
| }
configure:5718: result: no
configure:5724: checking for cosd in -lsunmath
configure:5749: gcc -o conftest -g -O2  -L/usr/lib/x86_64-linux-gnu conftest.c -lsunmath -lnsl -lm  -lm  >&5
/usr/bin/ld: cannot find -lsunmath: No such file or directory
collect2: error: ld returned 1 exit status
configure:5749: $? = 1
configure: failed program was:
| /* confdefs.h */
| #define PACKAGE_NAME "Miriad"
| #define PACKAGE_TARNAME "miriad-ATNF2.0"
| #define PACKAGE_VERSION "ATNF2.0"
| #define PACKAGE_STRING "Miriad ATNF2.0"
| #define PACKAGE_BUGREPORT "miriad@atnf.csiro.au"
| #define PACKAGE_URL ""
| #define STDC_HEADERS 1
| #define HAVE_SYS_TYPES_H 1
| #define HAVE_SYS_STAT_H 1
| #define HAVE_STDLIB_H 1
| #define HAVE_STRING_H 1
| #define HAVE_MEMORY_H 1
| #define HAVE_STRINGS_H 1
| #define HAVE_INTTYPES_H 1
| #define HAVE_STDINT_H 1
| #define HAVE_UNISTD_H 1
| #define STDC_HEADERS 1
| #define HAVE_ERRNO_H 1
| #define HAVE_LIMITS_H 1
| #define HAVE_MATH_H 1
| #define HAVE_STDIO_H 1
| #define HAVE_STDLIB_H 1
| #define HAVE_STRING_H 1
| #define HAVE_UNISTD_H 1
| #define HAVE_LIBM 1
| #define HAVE_DIRENT_H 1
| #define MAJOR_IN_SYSMACROS 1
| #define HAVE_STDLIB_H 1
| #define HAVE_MALLOC 1
| #define HAVE_STDLIB_H 1
| #define HAVE_REALLOC 1
| #define LSTAT_FOLLOWS_SLASHED_SYMLINK 1
| #define HAVE_BZERO 1
| #define HAVE_FLOOR 1
| #define HAVE_MEMSET 1
| #define HAVE_MKDIR 1
| #define HAVE_RMDIR 1
| #define HAVE_STRCHR 1
| #define HAVE_STRERROR 1
| #define HAVE__USR_LIB_X86_64_LINUX_GNU_LIBPNG_SO 1
| #define HAVE__USR_LIB_X86_64_LINUX_GNU_LIBPNG_A 1
| #define HAVE__USR_LIB_X86_64_LINUX_GNU_LIBZ_SO 1
| #define HAVE__USR_LIB_X86_64_LINUX_GNU_LIBZ_A 1
| #define HAVE__USR_LIB_X86_64_LINUX_GNU_LIBM_SO 1
| #define HAVE__USR_LIB_X86_64_LINUX_GNU_LIBM_A 1
| #define HAVE__USR_LIB_LIBPGPLOT_SO 1
| #define HAVE__USR_LIB_LIBPGPLOT_A 1
| /* end confdefs.h.  */
| 
| /* Override any GCC internal prototype to avoid an error.
|    Use char because int might match the return type of a GCC
|    builtin and then its argument prototype would still apply.  */
| #ifdef __cplusplus
| extern "C"
| #endif
| char cosd ();
| int
| main ()
| {
| return cosd ();
|   ;
|   return 0;
| }
configure:5758: result: no
configure:5764: checking for iand_ in -lM77
configure:5789: gcc -o conftest -g -O2  -L/usr/lib/x86_64-linux-gnu conftest.c -lM77 -lnsl -lm  -lm  >&5
/usr/bin/ld: cannot find -lM77: No such file or directory
collect2: error: ld returned 1 exit status
configure:5789: $? = 1
configure: failed program was:
| /* confdefs.h */
| #define PACKAGE_NAME "Miriad"
| #define PACKAGE_TARNAME "miriad-ATNF2.0"
| #define PACKAGE_VERSION "ATNF2.0"
| #define PACKAGE_STRING "Miriad ATNF2.0"
| #define PACKAGE_BUGREPORT "miriad@atnf.csiro.au"
| #define PACKAGE_URL ""
| #define STDC_HEADERS 1
| #define HAVE_SYS_TYPES_H 1
| #define HAVE_SYS_STAT_H 1
| #define HAVE_STDLIB_H 1
| #define HAVE_STRING_H 1
| #define HAVE_MEMORY_H 1
| #define HAVE_STRINGS_H 1
| #define HAVE_INTTYPES_H 1
| #define HAVE_STDINT_H 1
| #define HAVE_UNISTD_H 1
| #define STDC_HEADERS 1
| #define HAVE_ERRNO_H 1
| #define HAVE_LIMITS_H 1
| #define HAVE_MATH_H 1
| #define HAVE_STDIO_H 1
| #define HAVE_STDLIB_H 1
| #define HAVE_STRING_H 1
| #define HAVE_UNISTD_H 1
| #define HAVE_LIBM 1
| #define HAVE_DIRENT_H 1
| #define MAJOR_IN_SYSMACROS 1
| #define HAVE_STDLIB_H 1
| #define HAVE_MALLOC 1
| #define HAVE_STDLIB_H 1
| #define HAVE_REALLOC 1
| #define LSTAT_FOLLOWS_SLASHED_SYMLINK 1
| #define HAVE_BZERO 1
| #define HAVE_FLOOR 1
| #define HAVE_MEMSET 1
| #define HAVE_MKDIR 1
| #define HAVE_RMDIR 1
| #define HAVE_STRCHR 1
| #define HAVE_STRERROR 1
| #define HAVE__USR_LIB_X86_64_LINUX_GNU_LIBPNG_SO 1
| #define HAVE__USR_LIB_X86_64_LINUX_GNU_LIBPNG_A 1
| #define HAVE__USR_LIB_X86_64_LINUX_GNU_LIBZ_SO 1
| #define HAVE__USR_LIB_X86_64_LINUX_GNU_LIBZ_A 1
| #define HAVE__USR_LIB_X86_64_LINUX_GNU_LIBM_SO 1
| #define HAVE__USR_LIB_X86_64_LINUX_GNU_LIBM_A 1
| #define HAVE__USR_LIB_LIBPGPLOT_SO 1
| #define HAVE__USR_LIB_LIBPGPLOT_A 1
| /* end confdefs.h.  */
| 
| /* Override any GCC internal prototype to avoid an error.
|    Use char because int might match the return type of a GCC
|    builtin and then its argument prototype would still apply.  */
| #ifdef __cplusplus
| extern "C"
| #endif
| char iand_ ();
| int
| main ()
| {
| return iand_ ();
|   ;
|   return 0;
| }
configure:5798: result: no
configure:5804: checking for f77_init in -lF77
configure:5829: gcc -o conftest -g -O2  -L/usr/lib/x86_64-linux-gnu conftest.c -lF77 -lnsl -lm  -lm  >&5
/usr/bin/ld: cannot find -lF77: No such file or directory
collect2: error: ld returned 1 exit status
configure:5829: $? = 1
configure: failed program was:
| /* confdefs.h */
| #define PACKAGE_NAME "Miriad"
| #define PACKAGE_TARNAME "miriad-ATNF2.0"
| #define PACKAGE_VERSION "ATNF2.0"
| #define PACKAGE_STRING "Miriad ATNF2.0"
| #define PACKAGE_BUGREPORT "miriad@atnf.csiro.au"
| #define PACKAGE_URL ""
| #define STDC_HEADERS 1
| #define HAVE_SYS_TYPES_H 1
| #define HAVE_SYS_STAT_H 1
| #define HAVE_STDLIB_H 1
| #define HAVE_STRING_H 1
| #define HAVE_MEMORY_H 1
| #define HAVE_STRINGS_H 1
| #define HAVE_INTTYPES_H 1
| #define HAVE_STDINT_H 1
| #define HAVE_UNISTD_H 1
| #define STDC_HEADERS 1
| #define HAVE_ERRNO_H 1
| #define HAVE_LIMITS_H 1
| #define HAVE_MATH_H 1
| #define HAVE_STDIO_H 1
| #define HAVE_STDLIB_H 1
| #define HAVE_STRING_H 1
| #define HAVE_UNISTD_H 1
| #define HAVE_LIBM 1
| #define HAVE_DIRENT_H 1
| #define MAJOR_IN_SYSMACROS 1
| #define HAVE_STDLIB_H 1
| #define HAVE_MALLOC 1
| #define HAVE_STDLIB_H 1
| #define HAVE_REALLOC 1
| #define LSTAT_FOLLOWS_SLASHED_SYMLINK 1
| #define HAVE_BZERO 1
| #define HAVE_FLOOR 1
| #define HAVE_MEMSET 1
| #define HAVE_MKDIR 1
| #define HAVE_RMDIR 1
| #define HAVE_STRCHR 1
| #define HAVE_STRERROR 1
| #define HAVE__USR_LIB_X86_64_LINUX_GNU_LIBPNG_SO 1
| #define HAVE__USR_LIB_X86_64_LINUX_GNU_LIBPNG_A 1
| #define HAVE__USR_LIB_X86_64_LINUX_GNU_LIBZ_SO 1
| #define HAVE__USR_LIB_X86_64_LINUX_GNU_LIBZ_A 1
| #define HAVE__USR_LIB_X86_64_LINUX_GNU_LIBM_SO 1
| #define HAVE__USR_LIB_X86_64_LINUX_GNU_LIBM_A 1
| #define HAVE__USR_LIB_LIBPGPLOT_SO 1
| #define HAVE__USR_LIB_LIBPGPLOT_A 1
| /* end confdefs.h.  */
| 
| /* Override any GCC internal prototype to avoid an error.
|    Use char because int might match the return type of a GCC
|    builtin and then its argument prototype would still apply.  */
| #ifdef __cplusplus
| extern "C"
| #endif
| char f77_init ();
| int
| main ()
| {
| return f77_init ();
|   ;
|   return 0;
| }
configure:5838: result: no
configure:5914:

Looking for the full pathname of the RPFITS library...
configure:5921: checking for /usr/lib/x86_64-linux-gnu/librpfits.a
configure:5935: result: no
configure:5921: checking for /usr/local/miriad/linux64/lib/librpfits.a
configure:5935: result: no
configure:5921: checking for /usr/local/rpfits/librpfits.a
configure:5935: result: no
configure:5921: checking for /usr/local/lib/librpfits.a
configure:5935: result: yes
configure:5947: RPFITS appears to be available.
configure:5957:

Looking for the full pathname of the WCSLIB library...
configure:5964: checking for /usr/lib/x86_64-linux-gnu/libwcs.a
configure:5978: result: yes
configure:5990: WCSLIB appears to be available.
configure:6002:

Looking for PGPLOT and related libraries...
configure:6007: checking for deflate in -lz
configure:6032: gcc -o conftest -g -O2  -L/usr/lib/x86_64-linux-gnu conftest.c -lz  -lnsl -lm -lm  >&5
configure:6032: $? = 0
configure:6041: result: yes
configure:6047: checking for png_error in -lpng
configure:6072: gcc -o conftest -g -O2  -L/usr/lib/x86_64-linux-gnu conftest.c -lpng -lz  -lnsl -lm -lm  >&5
configure:6072: $? = 0
configure:6081: result: yes
configure:6093: checking for pgbeg in -lpgplot
configure:6105: gfortran -o conftest -g -O2 -L/usr/lib/x86_64-linux-gnu conftest.f -lpgplot -lpng -lz  -lX11 -lnsl -lm -lm  >&5
configure:6105: $? = 0
configure:6114: result: yes
configure:6127: PGPLOT appears to be available.
configure:6139:

Looking for READLINE and related libraries...
configure:6147: checking for /usr/lib/x86_64-linux-gnu/libtermcap.so
configure:6161: result: yes
configure:6253: checking for /usr/lib/x86_64-linux-gnu/libreadline.so
configure:6267: result: yes
configure:6323: checking for tgetent in -ltermcap
configure:6348: gcc -o conftest -g -O2  -L/usr/lib/x86_64-linux-gnu conftest.c -ltermcap  -L/usr/lib/x86_64-linux-gnu -lm  >&5
configure:6348: $? = 0
configure:6357: result: yes
configure:6407: checking for readline in -lreadline
configure:6432: gcc -o conftest -g -O2  -L/usr/lib/x86_64-linux-gnu conftest.c -lreadline  -L/usr/lib/x86_64-linux-gnu -ltermcap -lm  >&5
configure:6432: $? = 0
configure:6441: result: yes
configure:6456: READLINE appears to be available.
configure:6467:

Constructing MIRRC and linux64/GNUmakedefs...
configure:6476: Preserved the old GNUmakedefs in linux64.
configure:6626: creating ./config.status

## ---------------------- ##
## Running config.status. ##
## ---------------------- ##

This file was extended by Miriad config.status ATNF2.0, which was
generated by GNU Autoconf 2.69.  Invocation command line was

  CONFIG_FILES    = 
  CONFIG_HEADERS  = 
  CONFIG_LINKS    = 
  CONFIG_COMMANDS = 
  $ ./config.status 

on AU-SCIOPS-01

config.status:752: creating MIRRC
config.status:752: creating MIRRC.sh
config.status:752: creating linux64/GNUmakedefs

## ---------------- ##
## Cache variables. ##
## ---------------- ##

ac_cv_c_compiler_gnu=yes
ac_cv_c_const=yes
ac_cv_env_CC_set=
ac_cv_env_CC_value=
ac_cv_env_CFLAGS_set=
ac_cv_env_CFLAGS_value=
ac_cv_env_CPPFLAGS_set=
ac_cv_env_CPPFLAGS_value=
ac_cv_env_CPP_set=
ac_cv_env_CPP_value=
ac_cv_env_F77_set=
ac_cv_env_F77_value=
ac_cv_env_FFLAGS_set=
ac_cv_env_FFLAGS_value=
ac_cv_env_LDFLAGS_set=
ac_cv_env_LDFLAGS_value=
ac_cv_env_LIBS_set=
ac_cv_env_LIBS_value=
ac_cv_env_XMKMF_set=
ac_cv_env_XMKMF_value=
ac_cv_env_build_alias_set=
ac_cv_env_build_alias_value=
ac_cv_env_host_alias_set=
ac_cv_env_host_alias_value=
ac_cv_env_target_alias_set=
ac_cv_env_target_alias_value=
ac_cv_f77_compiler_gnu=yes
ac_cv_file__lib=yes
ac_cv_file__lib_libF77_a=no
ac_cv_file__lib_libF77_so=no
ac_cv_file__lib_libM77_a=no
ac_cv_file__lib_libM77_so=no
ac_cv_file__lib_libg2c_a=no
ac_cv_file__lib_libg2c_so=no
ac_cv_file__lib_libsunmath_a=no
ac_cv_file__lib_libsunmath_so=no
ac_cv_file__local_gnu_lib=no
ac_cv_file__local_lib=no
ac_cv_file__local_pgplot=no
ac_cv_file__opt_SUNWspro_lib=no
ac_cv_file__opt_lib=no
ac_cv_file__opt_local_lib=no
ac_cv_file__opt_sw_lib=no
ac_cv_file__opt_sw_lib_pgplot=no
ac_cv_file__sw_lib=no
ac_cv_file__sw_lib_pgplot=no
ac_cv_file__usr_lib=yes
ac_cv_file__usr_lib_libF77_a=no
ac_cv_file__usr_lib_libF77_so=no
ac_cv_file__usr_lib_libM77_a=no
ac_cv_file__usr_lib_libM77_so=no
ac_cv_file__usr_lib_libg2c_a=no
ac_cv_file__usr_lib_libg2c_so=no
ac_cv_file__usr_lib_libpgplot_a=yes
ac_cv_file__usr_lib_libpgplot_so=yes
ac_cv_file__usr_lib_libsunmath_a=no
ac_cv_file__usr_lib_libsunmath_so=no
ac_cv_file__usr_lib_x86_64_linux_gnu=yes
ac_cv_file__usr_lib_x86_64_linux_gnu_libF77_a=no
ac_cv_file__usr_lib_x86_64_linux_gnu_libF77_so=no
ac_cv_file__usr_lib_x86_64_linux_gnu_libM77_a=no
ac_cv_file__usr_lib_x86_64_linux_gnu_libM77_so=no
ac_cv_file__usr_lib_x86_64_linux_gnu_libg2c_a=no
ac_cv_file__usr_lib_x86_64_linux_gnu_libg2c_so=no
ac_cv_file__usr_lib_x86_64_linux_gnu_libm_a=yes
ac_cv_file__usr_lib_x86_64_linux_gnu_libm_so=yes
ac_cv_file__usr_lib_x86_64_linux_gnu_libpgplot_a=no
ac_cv_file__usr_lib_x86_64_linux_gnu_libpgplot_so=no
ac_cv_file__usr_lib_x86_64_linux_gnu_libpng_a=yes
ac_cv_file__usr_lib_x86_64_linux_gnu_libpng_so=yes
ac_cv_file__usr_lib_x86_64_linux_gnu_libreadline_so=yes
ac_cv_file__usr_lib_x86_64_linux_gnu_librpfits_a=no
ac_cv_file__usr_lib_x86_64_linux_gnu_libsunmath_a=no
ac_cv_file__usr_lib_x86_64_linux_gnu_libsunmath_so=no
ac_cv_file__usr_lib_x86_64_linux_gnu_libtermcap_so=yes
ac_cv_file__usr_lib_x86_64_linux_gnu_libwcs_a=yes
ac_cv_file__usr_lib_x86_64_linux_gnu_libz_a=yes
ac_cv_file__usr_lib_x86_64_linux_gnu_libz_so=yes
ac_cv_file__usr_local_gnu_lib=no
ac_cv_file__usr_local_lib=yes
ac_cv_file__usr_local_lib_libF77_a=no
ac_cv_file__usr_local_lib_libF77_so=no
ac_cv_file__usr_local_lib_libM77_a=no
ac_cv_file__usr_local_lib_libM77_so=no
ac_cv_file__usr_local_lib_libg2c_a=no
ac_cv_file__usr_local_lib_libg2c_so=no
ac_cv_file__usr_local_lib_libpgplot_a=no
ac_cv_file__usr_local_lib_libpgplot_so=no
ac_cv_file__usr_local_lib_librpfits_a=yes
ac_cv_file__usr_local_lib_libsunmath_a=no
ac_cv_file__usr_local_lib_libsunmath_so=no
ac_cv_file__usr_local_miriad_linux64_lib=yes
ac_cv_file__usr_local_miriad_linux64_lib_libF77_a=no
ac_cv_file__usr_local_miriad_linux64_lib_libF77_so=no
ac_cv_file__usr_local_miriad_linux64_lib_libM77_a=no
ac_cv_file__usr_local_miriad_linux64_lib_libM77_so=no
ac_cv_file__usr_local_miriad_linux64_lib_libg2c_a=no
ac_cv_file__usr_local_miriad_linux64_lib_libg2c_so=no
ac_cv_file__usr_local_miriad_linux64_lib_libpgplot_a=no
ac_cv_file__usr_local_miriad_linux64_lib_libpgplot_so=no
ac_cv_file__usr_local_miriad_linux64_lib_librpfits_a=no
ac_cv_file__usr_local_miriad_linux64_lib_libsunmath_a=no
ac_cv_file__usr_local_miriad_linux64_lib_libsunmath_so=no
ac_cv_file__usr_local_pgplot=no
ac_cv_file__usr_local_rpfits=yes
ac_cv_file__usr_local_rpfits_libF77_a=no
ac_cv_file__usr_local_rpfits_libF77_so=no
ac_cv_file__usr_local_rpfits_libM77_a=no
ac_cv_file__usr_local_rpfits_libM77_so=no
ac_cv_file__usr_local_rpfits_libg2c_a=no
ac_cv_file__usr_local_rpfits_libg2c_so=no
ac_cv_file__usr_local_rpfits_libpgplot_a=no
ac_cv_file__usr_local_rpfits_libpgplot_so=no
ac_cv_file__usr_local_rpfits_librpfits_a=no
ac_cv_file__usr_local_rpfits_libsunmath_a=no
ac_cv_file__usr_local_rpfits_libsunmath_so=no
ac_cv_file__usr_local_wcslib=no
ac_cv_file__usr_ucblib=no
ac_cv_func_bzero=yes
ac_cv_func_closedir_void=no
ac_cv_func_floor=yes
ac_cv_func_lstat_dereferences_slashed_symlink=yes
ac_cv_func_malloc_0_nonnull=yes
ac_cv_func_memcmp_working=yes
ac_cv_func_memset=yes
ac_cv_func_mkdir=yes
ac_cv_func_realloc_0_nonnull=yes
ac_cv_func_rmdir=yes
ac_cv_func_stat_empty_string_bug=no
ac_cv_func_strchr=yes
ac_cv_func_strerror=yes
ac_cv_func_strtod=yes
ac_cv_have_x='have_x=yes	ac_x_includes='\'''\''	ac_x_libraries='\'''\'''
ac_cv_header_dirent_dirent_h=yes
ac_cv_header_errno_h=yes
ac_cv_header_inttypes_h=yes
ac_cv_header_limits_h=yes
ac_cv_header_math_h=yes
ac_cv_header_memory_h=yes
ac_cv_header_stdc=yes
ac_cv_header_stdint_h=yes
ac_cv_header_stdio_h=yes
ac_cv_header_stdlib_h=yes
ac_cv_header_string_h=yes
ac_cv_header_strings_h=yes
ac_cv_header_sys_mkdev_h=no
ac_cv_header_sys_stat_h=yes
ac_cv_header_sys_sysmacros_h=yes
ac_cv_header_sys_types_h=yes
ac_cv_header_sys_types_h_makedev=no
ac_cv_header_unistd_h=yes
ac_cv_lib_F77_f77_init=no
ac_cv_lib_M77_iand_=no
ac_cv_lib_m_floor=yes
ac_cv_lib_nsl_gethostent=yes
ac_cv_lib_pgplot_pgbeg=yes
ac_cv_lib_png_png_error=yes
ac_cv_lib_readline_readline=yes
ac_cv_lib_socket_socket=no
ac_cv_lib_sunmath_cosd=no
ac_cv_lib_termcap_tgetent=yes
ac_cv_lib_z_deflate=yes
ac_cv_objext=o
ac_cv_path_AR=/usr/bin/ar
ac_cv_path_EGREP='/usr/bin/grep -E'
ac_cv_path_GREP=/usr/bin/grep
ac_cv_path_MANDB=/usr/bin/mandb
ac_cv_path_STRIP=/usr/bin/strip
ac_cv_prog_CPP='gcc -E'
ac_cv_prog_ac_ct_CC=gcc
ac_cv_prog_ac_ct_F77=gfortran
ac_cv_prog_ac_ct_RANLIB=ranlib
ac_cv_prog_cc_c89=
ac_cv_prog_cc_c99=
ac_cv_prog_cc_g=yes
ac_cv_prog_cc_stdc=
ac_cv_prog_f77_g=yes
ac_cv_search_opendir='none required'
ac_cv_type_size_t=yes

## ----------------- ##
## Output variables. ##
## ----------------- ##

AR='/usr/bin/ar'
CC='gcc'
CFLAGS='-g -O2'
CPP='gcc -E'
CPPFLAGS=''
DEFS='-DPACKAGE_NAME=\"Miriad\" -DPACKAGE_TARNAME=\"miriad-ATNF2.0\" -DPACKAGE_VERSION=\"ATNF2.0\" -DPACKAGE_STRING=\"Miriad\ ATNF2.0\" -DPACKAGE_BUGREPORT=\"miriad@atnf.csiro.au\" -DPACKAGE_URL=\"\" -DSTDC_HEADERS=1 -DHAVE_SYS_TYPES_H=1 -DHAVE_SYS_STAT_H=1 -DHAVE_STDLIB_H=1 -DHAVE_STRING_H=1 -DHAVE_MEMORY_H=1 -DHAVE_STRINGS_H=1 -DHAVE_INTTYPES_H=1 -DHAVE_STDINT_H=1 -DHAVE_UNISTD_H=1 -DSTDC_HEADERS=1 -DHAVE_ERRNO_H=1 -DHAVE_LIMITS_H=1 -DHAVE_MATH_H=1 -DHAVE_STDIO_H=1 -DHAVE_STDLIB_H=1 -DHAVE_STRING_H=1 -DHAVE_UNISTD_H=1 -DHAVE_LIBM=1 -DHAVE_DIRENT_H=1 -DMAJOR_IN_SYSMACROS=1 -DHAVE_STDLIB_H=1 -DHAVE_MALLOC=1 -DHAVE_STDLIB_H=1 -DHAVE_REALLOC=1 -DLSTAT_FOLLOWS_SLASHED_SYMLINK=1 -DHAVE_BZERO=1 -DHAVE_FLOOR=1 -DHAVE_MEMSET=1 -DHAVE_MKDIR=1 -DHAVE_RMDIR=1 -DHAVE_STRCHR=1 -DHAVE_STRERROR=1 -DHAVE__USR_LIB_X86_64_LINUX_GNU_LIBPNG_SO=1 -DHAVE__USR_LIB_X86_64_LINUX_GNU_LIBPNG_A=1 -DHAVE__USR_LIB_X86_64_LINUX_GNU_LIBZ_SO=1 -DHAVE__USR_LIB_X86_64_LINUX_GNU_LIBZ_A=1 -DHAVE__USR_LIB_X86_64_LINUX_GNU_LIBM_SO=1 -DHAVE__USR_LIB_X86_64_LINUX_GNU_LIBM_A=1 -DHAVE__USR_LIB_LIBPGPLOT_SO=1 -DHAVE__USR_LIB_LIBPGPLOT_A=1 -DHAVE__USR_LIB_X86_64_LINUX_GNU_LIBTERMCAP_SO=1 -DHAVE__USR_LIB_X86_64_LINUX_GNU_LIBREADLINE_SO=1'
ECHO_C=''
ECHO_N='-n'
ECHO_T=''
EGREP='/usr/bin/grep -E'
EXEEXT=''
F77='gfortran'
FCSTD=''
FFLAGS='-g -O2'
GREP='/usr/bin/grep'
LDFLAGS='-L/usr/lib/x86_64-linux-gnu'
LIBOBJS=''
LIBS='-lm '
LN_S='ln -s'
LTLIBOBJS=''
MANDB='/usr/bin/mandb'
MIRARCH='linux64'
MIRROOT='/usr/local/miriad'
OBJEXT='o'
PACKAGE_BUGREPORT='miriad@atnf.csiro.au'
PACKAGE_NAME='Miriad'
PACKAGE_STRING='Miriad ATNF2.0'
PACKAGE_TARNAME='miriad-ATNF2.0'
PACKAGE_URL=''
PACKAGE_VERSION='ATNF2.0'
PATH_SEPARATOR=':'
PGPLOTLIB='-lpgplot -lpng -lz '
POW_LIB=''
RANLIB='ranlib'
READLINELIB='-L/usr/lib/x86_64-linux-gnu -lreadline -ltermcap'
RPFITSLIB='/usr/local/lib/librpfits.a'
SHELL='/bin/bash'
STRIP='/usr/bin/strip'
WCSLIB='/usr/lib/x86_64-linux-gnu/libwcs.a'
X11INCD=''
X11LIB='-lX11'
X11LIBS='-lXaw -lXmu -lXext -lXt -lX11'
XMKMF=''
XTRALIBS='-lnsl -lm'
ac_ct_CC='gcc'
ac_ct_F77='gfortran'
bindir='${exec_prefix}/bin'
build_alias=''
datadir='${datarootdir}'
datarootdir='${prefix}/share'
docdir='${datarootdir}/doc/${PACKAGE_TARNAME}'
dvidir='${docdir}'
exec_prefix='${prefix}'
host_alias=''
htmldir='${docdir}'
includedir='${prefix}/include'
infodir='${datarootdir}/info'
libdir='${exec_prefix}/lib'
libexecdir='${exec_prefix}/libexec'
localedir='${datarootdir}/locale'
localstatedir='${prefix}/var'
mandir='${datarootdir}/man'
oldincludedir='/usr/include'
pdfdir='${docdir}'
prefix='/usr/local/miriad'
program_transform_name='s,x,x,'
psdir='${docdir}'
sbindir='${exec_prefix}/sbin'
sharedstatedir='${prefix}/com'
sysconfdir='${prefix}/etc'
target_alias=''

## ----------- ##
## confdefs.h. ##
## ----------- ##

/* confdefs.h */
#define PACKAGE_NAME "Miriad"
#define PACKAGE_TARNAME "miriad-ATNF2.0"
#define PACKAGE_VERSION "ATNF2.0"
#define PACKAGE_STRING "Miriad ATNF2.0"
#define PACKAGE_BUGREPORT "miriad@atnf.csiro.au"
#define PACKAGE_URL ""
#define STDC_HEADERS 1
#define HAVE_SYS_TYPES_H 1
#define HAVE_SYS_STAT_H 1
#define HAVE_STDLIB_H 1
#define HAVE_STRING_H 1
#define HAVE_MEMORY_H 1
#define HAVE_STRINGS_H 1
#define HAVE_INTTYPES_H 1
#define HAVE_STDINT_H 1
#define HAVE_UNISTD_H 1
#define STDC_HEADERS 1
#define HAVE_ERRNO_H 1
#define HAVE_LIMITS_H 1
#define HAVE_MATH_H 1
#define HAVE_STDIO_H 1
#define HAVE_STDLIB_H 1
#define HAVE_STRING_H 1
#define HAVE_UNISTD_H 1
#define HAVE_LIBM 1
#define HAVE_DIRENT_H 1
#define MAJOR_IN_SYSMACROS 1
#define HAVE_STDLIB_H 1
#define HAVE_MALLOC 1
#define HAVE_STDLIB_H 1
#define HAVE_REALLOC 1
#define LSTAT_FOLLOWS_SLASHED_SYMLINK 1
#define HAVE_BZERO 1
#define HAVE_FLOOR 1
#define HAVE_MEMSET 1
#define HAVE_MKDIR 1
#define HAVE_RMDIR 1
#define HAVE_STRCHR 1
#define HAVE_STRERROR 1
#define HAVE__USR_LIB_X86_64_LINUX_GNU_LIBPNG_SO 1
#define HAVE__USR_LIB_X86_64_LINUX_GNU_LIBPNG_A 1
#define HAVE__USR_LIB_X86_64_LINUX_GNU_LIBZ_SO 1
#define HAVE__USR_LIB_X86_64_LINUX_GNU_LIBZ_A 1
#define HAVE__USR_LIB_X86_64_LINUX_GNU_LIBM_SO 1
#define HAVE__USR_LIB_X86_64_LINUX_GNU_LIBM_A 1
#define HAVE__USR_LIB_LIBPGPLOT_SO 1
#define HAVE__USR_LIB_LIBPGPLOT_A 1
#define HAVE__USR_LIB_X86_64_LINUX_GNU_LIBTERMCAP_SO 1
#define HAVE__USR_LIB_X86_64_LINUX_GNU_LIBREADLINE_SO 1

configure: exit 0
