This is pdfTeX, Version 3.1415926-2.4-1.40.13 (TeX Live 2012/Debian) (format=latex 2015.10.1)  21 JUN 2016 09:31
entering extended mode
 restricted \write18 enabled.
 %&-line parsing enabled.
**./images.tex
(./images.tex
LaTeX2e <2011/06/27>
Babel <v3.8m> and hyphenation patterns for english, dumylang, nohyphenation, lo
aded.


(/usr/share/texlive/texmf-dist/tex/latex/base/latex209.def
File: latex209.def 1998/05/13 v0.52 Standard LaTeX file


          Entering LaTeX 2.09 COMPATIBILITY MODE
 *************************************************************
    !!WARNING!!    !!WARNING!!    !!WARNING!!    !!WARNING!!   
 
 This mode attempts to provide an emulation of the LaTeX 2.09
 author environment so that OLD documents can be successfully
 processed. It should NOT be used for NEW documents!
 
 New documents should use Standard LaTeX conventions and start
 with the \documentclass command.
 
 Compatibility mode is UNLIKELY TO WORK with LaTeX 2.09 style
 files that change any internal macros, especially not with
 those that change the FONT SELECTION or OUTPUT ROUTINES.
 
 Therefore such style files MUST BE UPDATED to use
          Current Standard LaTeX: LaTeX2e.
 If you suspect that you may be using such a style file, which
 is probably very, very old by now, then you should attempt to
 get it updated by sending a copy of this error message to the
 author of that file.
 *************************************************************

\footheight=\dimen102
\@maxsep=\dimen103
\@dblmaxsep=\dimen104
\@cla=\count79
\@clb=\count80
\mscount=\count81
(/usr/share/texlive/texmf-dist/tex/latex/base/tracefnt.sty
Package: tracefnt 1997/05/29 v3.0j Standard LaTeX package (font tracing)
\tracingfonts=\count82
LaTeX Info: Redefining \selectfont on input line 101.
)
\symbold=\mathgroup4
\symsans=\mathgroup5
\symtypewriter=\mathgroup6
\symitalic=\mathgroup7
\symsmallcaps=\mathgroup8
\symslanted=\mathgroup9
LaTeX Font Info:    Redeclaring math alphabet \mathbf on input line 293.
LaTeX Font Info:    Redeclaring math alphabet \mathsf on input line 294.
LaTeX Font Info:    Redeclaring math alphabet \mathtt on input line 295.
LaTeX Font Info:    Redeclaring math alphabet \mathit on input line 301.
LaTeX Info: Redefining \em on input line 311.

(/usr/share/texlive/texmf-dist/tex/latex/base/latexsym.sty
Package: latexsym 1998/08/17 v2.2e Standard LaTeX package (lasy symbols)
\symlasy=\mathgroup10
LaTeX Font Info:    Overwriting symbol font `lasy' in version `bold'
(Font)                  U/lasy/m/n --> U/lasy/b/n on input line 47.
)
LaTeX Font Info:    Redeclaring math delimiter \lgroup on input line 375.
LaTeX Font Info:    Redeclaring math delimiter \rgroup on input line 377.
LaTeX Font Info:    Redeclaring math delimiter \bracevert on input line 379.
)
(/usr/share/texlive/texmf-dist/tex/latex/base/report.cls
Document Class: report 2007/10/19 v1.4h Standard LaTeX document class
(/usr/share/texlive/texmf-dist/tex/latex/base/size10.clo
File: size10.clo 2007/10/19 v1.4h Standard LaTeX file (size option)
)
\c@part=\count83
\c@chapter=\count84
\c@section=\count85
\c@subsection=\count86
\c@subsubsection=\count87
\c@paragraph=\count88
\c@subparagraph=\count89
\c@figure=\count90
\c@table=\count91
\abovecaptionskip=\skip41
\belowcaptionskip=\skip42
Compatibility mode: definition of \rm ignored.
Compatibility mode: definition of \sf ignored.
Compatibility mode: definition of \tt ignored.
Compatibility mode: definition of \bf ignored.
Compatibility mode: definition of \it ignored.
Compatibility mode: definition of \sl ignored.
Compatibility mode: definition of \sc ignored.
LaTeX Info: Redefining \cal on input line 586.
LaTeX Info: Redefining \mit on input line 587.
\bibindent=\dimen105
)
(/usr/share/texmf/tex/latex/html/html.sty)
(/usr/share/texlive/texmf-dist/tex/generic/epsf/epsf.sty
This is `epsf.tex' v2.7.4 <14 February 2011>
\epsffilein=\read1
\epsfframemargin=\dimen106
\epsfframethickness=\dimen107
\epsfrsize=\dimen108
\epsftmp=\dimen109
\epsftsize=\dimen110
\epsfxsize=\dimen111
\epsfysize=\dimen112
\pspoints=\dimen113
) (/usr/share/texlive/texmf-dist/tex/latex/base/makeidx.sty
Package: makeidx 2000/03/29 v1.0m Standard LaTeX package
)
(/usr/share/texlive/texmf-dist/tex/latex/base/ifthen.sty
Package: ifthen 2001/05/26 v1.1c Standard LaTeX ifthen package (DPC)
)

! LaTeX Error: LaTeX2e command \usepackage in LaTeX 2.09 document.

See the LaTeX manual or LaTeX Companion for explanation.
Type  H <return>  for immediate help.
 ...                                              
                                                  
l.32 \usepackage
                [latin1]{inputenc}
This is a LaTeX 2.09 document, but it contains \usepackage.
If you want to use the new features of LaTeX2e, your document
should begin with \documentclass rather than \documentstyle


! LaTeX Error: \usepackage before \documentclass.

See the LaTeX manual or LaTeX Companion for explanation.
Type  H <return>  for immediate help.
 ...                                              
                                                  
l.32 \usepackage[latin1]{
                         inputenc}
\usepackage may only appear in the document preamble, i.e.,
between \documentclass and \begin{document}.

\sizebox=\box26
\lthtmlwrite=\write3

! LaTeX Error: Command \selectlanguage already defined.
               Or name \end... illegal, see p.192 of the manual.

See the LaTeX manual or LaTeX Companion for explanation.
Type  H <return>  for immediate help.
 ...                                              
                                                  
l.129 \providecommand{\selectlanguage}[1]{}
                                           %
Your command was ignored.
Type  I <command> <return>  to replace it with another command,
or  <return>  to continue without it.

(./images.aux)
\openout1 = `images.aux'.

LaTeX Font Info:    Checking defaults for OML/cmm/m/it on input line 133.
LaTeX Font Info:    ... okay on input line 133.
LaTeX Font Info:    Checking defaults for T1/cmr/m/n on input line 133.
LaTeX Font Info:    ... okay on input line 133.
LaTeX Font Info:    Checking defaults for OT1/cmr/m/n on input line 133.
LaTeX Font Info:    ... okay on input line 133.
LaTeX Font Info:    Checking defaults for OMS/cmsy/m/n on input line 133.
LaTeX Font Info:    ... okay on input line 133.
LaTeX Font Info:    Checking defaults for OMX/cmex/m/n on input line 133.
LaTeX Font Info:    ... okay on input line 133.
LaTeX Font Info:    Checking defaults for U/cmr/m/n on input line 133.
LaTeX Font Info:    ... okay on input line 133.


latex2htmlLength hsize=451.0pt

latex2htmlLength vsize=554.0pt

latex2htmlLength hoffset=0.0pt

latex2htmlLength voffset=0.0pt

latex2htmlLength topmargin=0.0pt

latex2htmlLength topskip=0.00003pt

latex2htmlLength headheight=0.0pt

latex2htmlLength headsep=0.0pt

latex2htmlLength parskip=0.0pt plus 1.0pt

latex2htmlLength oddsidemargin=63.0pt

latex2htmlLength evensidemargin=63.0pt

LaTeX Font Info:    External font `cmex10' loaded for size
(Font)              <7> on input line 189.
LaTeX Font Info:    External font `cmex10' loaded for size
(Font)              <5> on input line 189.
LaTeX Font Info:    Try loading font information for U+lasy on input line 189.
(/usr/share/texlive/texmf-dist/tex/latex/base/ulasy.fd
File: ulasy.fd 1998/08/17 v2.2e LaTeX symbol font definitions
)
l2hSize :displaymath6166:14.5pt::0.0pt::451.0pt.
[1



]
l2hSize :tex2html_wrap_inline6208:8.0pt::8.0pt::25.29161pt.
[2


]
l2hSize :tex2html_wrap_inline6210:8.0pt::8.0pt::17.39243pt.
[3


]
l2hSize :tex2html_wrap_inline6212:6.95831pt::6.95831pt::9.92598pt.
[4


]
l2hSize :tex2html_wrap_inline6214:6.95831pt::6.95831pt::13.27785pt.
[5


]
(strategy.ps
)
l2hSize :figure1852:461.85443pt::0.0pt::451.0pt.
[6


]
l2hSize :tex2html_wrap_inline6216:7.33331pt::7.33331pt::18.69917pt.
[7


]
l2hSize :tex2html_wrap_inline6218:9.63329pt::9.63329pt::40.95837pt.
[8


]
l2hSize :displaymath6167:21.06903pt::0.0pt::451.0pt.
[9


]
l2hSize :tex2html_wrap_inline6220:6.95831pt::6.95831pt::27.72221pt.
[10


]
l2hSize :tex2html_wrap_inline6222:7.44444pt::7.44444pt::14.93063pt.
[11


]
l2hSize :tex2html_wrap_inline6224:7.44444pt::7.44444pt::14.93063pt.
[12


]
l2hSize :tex2html_wrap_inline6226:7.44444pt::7.44444pt::14.93063pt.
[13


]
l2hSize :displaymath6168:13.94444pt::0.0pt::451.0pt.
[14


]
l2hSize :displaymath6169:14.5pt::0.0pt::451.0pt.
[15


]
l2hSize :tex2html_wrap_inline6228:8.0pt::8.0pt::25.29161pt.
[16


]
l2hSize :tex2html_wrap_inline6230:6.45831pt::0.0pt::6.00351pt.
[17


]
l2hSize :eqnarraystar2851:72.0pt::0.0pt::451.0pt.
[18


]
l2hSize :eqnarraystar2855:72.0pt::0.0pt::451.0pt.
[19


]
l2hSize :tex2html_wrap_inline6232:6.95831pt::6.95831pt::6.75694pt.
[20


]
l2hSize :eqnarraystar2864:72.0pt::0.0pt::451.0pt.
[21


]
l2hSize :tex2html_wrap_inline6234:7.33331pt::7.33331pt::13.4806pt.
[22


]
l2hSize :tex2html_wrap_inline6236:7.33331pt::7.33331pt::13.58823pt.
[23


]
l2hSize :tex2html_wrap_inline6238:6.95831pt::6.95831pt::23.83336pt.
[24


]
l2hSize :tex2html_wrap_inline6240:6.95831pt::6.95831pt::16.05556pt.
[25


]
l2hSize :tex2html_wrap_inline6242:8.0pt::8.0pt::32.16672pt.
[26


]
l2hSize :tex2html_wrap_inline6244:6.88586pt::0.0pt::20.0973pt.
[27


]
l2hSize :displaymath6170:25.00023pt::0.0pt::451.0pt.
[28


]
(polcal1.ps
)
l2hSize :figure3160:277.74838pt::0.0pt::451.0pt.
[29


]
(polcal2.ps
)
*** image for figure3201 is too tall at 535.49689pt, reducing to .95 vsize ***
l2hSize :figure3201:526.29831pt::0.0pt::451.0pt.
[30


]
(polcal3.ps
)
*** image for figure3208 is too tall at 535.49689pt, reducing to .95 vsize ***
l2hSize :figure3208:526.29831pt::0.0pt::451.0pt.
[31


]
l2hSize :tex2html_wrap_inline6246:9.57217pt::9.57217pt::13.8334pt.
[32


]
l2hSize :tex2html_wrap_inline6248:8.0pt::8.0pt::29.38893pt.
[33


]
l2hSize :tex2html_wrap_inline6250:8.64003pt::8.64003pt::21.0591pt.
[34


]
l2hSize :tex2html_wrap_inline6252:8.14003pt::0.0pt::11.05907pt.
[35


]
l2hSize :tex2html_wrap_inline6260:9.57217pt::9.57217pt::13.8334pt.
[36


]
l2hSize :tex2html_wrap_inline6264:7.33331pt::7.33331pt::12.14964pt.
[37


]
l2hSize :tex2html_wrap_inline6266:7.33331pt::7.33331pt::12.57124pt.
[38


]
l2hSize :displaymath6171:14.5pt::0.0pt::451.0pt.
[39


]
l2hSize :tex2html_wrap_inline6268:6.45831pt::0.0pt::5.50005pt.
[40


]
l2hSize :tex2html_wrap_inline6270:6.95831pt::6.95831pt::10.50005pt.
[41


]
l2hSize :tex2html_wrap_inline6272:8.0pt::8.0pt::29.38893pt.
[42


]
l2hSize :displaymath6172:28.52792pt::0.0pt::451.0pt.
[43


]
l2hSize :tex2html_wrap_inline6274:7.33331pt::7.33331pt::9.81604pt.
[44


]
l2hSize :tex2html_wrap_inline6276:7.33331pt::7.33331pt::15.1216pt.
[45


]
l2hSize :displaymath6173:27.6262pt::0.0pt::451.0pt.
[46


]
l2hSize :tex2html_wrap_inline6278:8.64003pt::8.64003pt::11.24307pt.
[47


]
l2hSize :displaymath6174:29.73735pt::0.0pt::451.0pt.
[48


]
l2hSize :displaymath6175:25.02782pt::0.0pt::451.0pt.
[49


]
l2hSize :tex2html_wrap_inline6284:8.0pt::8.0pt::32.92365pt.
[50


]
l2hSize :tex2html_wrap_inline6286:8.0pt::8.0pt::50.72581pt.
[51


]
l2hSize :displaymath6176:21.56903pt::0.0pt::451.0pt.
[52


]
l2hSize :tex2html_wrap_inline6288:8.0pt::8.0pt::22.88432pt.
[53


]
l2hSize :tex2html_wrap_inline6292:6.45831pt::0.0pt::6.93407pt.
[54


]
l2hSize :displaymath6177:20.3595pt::0.0pt::451.0pt.
[55


]
l2hSize :displaymath6178:26.50023pt::0.0pt::451.0pt.
[56


]
l2hSize :eqnarraystar3881:40.50023pt::0.0pt::451.0pt.
[57


]
l2hSize :displaymath6179:14.5pt::0.0pt::451.0pt.
[58


]
l2hSize :tex2html_wrap_inline6296:6.83331pt::0.0pt::12.11461pt.
[59


]
l2hSize :displaymath6180:13.94444pt::0.0pt::451.0pt.
[60


]
l2hSize :tex2html_wrap_inline6298:7.33331pt::7.33331pt::12.57124pt.
[61


]
l2hSize :tex2html_wrap_inline6302:8.0pt::8.0pt::62.45268pt.
[62


]
l2hSize :tex2html_wrap_inline6306:6.95831pt::6.95831pt::8.599pt.
[63


]
l2hSize :tex2html_wrap_inline6308:7.33331pt::7.33331pt::13.3762pt.
[64


]
l2hSize :tex2html_wrap_inline6310:9.97221pt::9.97221pt::13.3762pt.
[65


]
l2hSize :displaymath6181:17.50006pt::0.0pt::451.0pt.
[66


]
l2hSize :tex2html_wrap_inline6312:7.33331pt::7.33331pt::21.03758pt.
[67


]
l2hSize :tex2html_wrap_inline6314:6.95831pt::6.95831pt::12.87183pt.
[68


]
(selfcal.ps
)
*** image for figure3994 is too tall at 535.49689pt, reducing to .95 vsize ***
l2hSize :figure3994:526.29831pt::0.0pt::451.0pt.
[69


]
l2hSize :tex2html_wrap_inline6316:8.0pt::8.0pt::27.05542pt.
[70


]
l2hSize :displaymath6182:25.43121pt::0.0pt::451.0pt.
[71


]
l2hSize :tex2html_wrap_inline6318:6.45831pt::0.0pt::6.07642pt.
[72


]
l2hSize :displaymath6183:20.3595pt::0.0pt::451.0pt.
[73


]
l2hSize :displaymath6184:18.85951pt::0.0pt::451.0pt.
[74


]
l2hSize :tex2html_wrap_inline6322:6.95831pt::6.95831pt::23.83336pt.
[75


]
l2hSize :displaymath6185:22.95789pt::0.0pt::451.0pt.
[76


]
l2hSize :tex2html_wrap_inline6324:6.83331pt::0.0pt::14.40977pt.
[77


]
l2hSize :tex2html_wrap_inline6326:9.85pt::9.85pt::25.50009pt.
[78


]
l2hSize :tex2html_wrap_inline6328:6.95831pt::6.95831pt::5.82411pt.
[79


]
l2hSize :tex2html_wrap_inline6330:8.0pt::8.0pt::34.64133pt.
[80


]
l2hSize :displaymath6186:24.15953pt::0.0pt::451.0pt.
[81


]
l2hSize :tex2html_wrap_inline6336:6.94444pt::0.0pt::5.47226pt.
[82


]
l2hSize :tex2html_wrap_inline6342:15.4051pt::15.4051pt::25.4776pt.
[83


]
l2hSize :tex2html_wrap_inline6344:15.4051pt::15.4051pt::29.96373pt.
[84


]
l2hSize :tex2html_wrap_inline6346:15.4051pt::15.4051pt::34.4186pt.
[85


]
l2hSize :tex2html_wrap_inline6348:15.4051pt::15.4051pt::34.4186pt.
[86


]
l2hSize :tex2html_wrap_inline6350:6.95831pt::6.95831pt::24.15735pt.
[87


]
l2hSize :tex2html_wrap_inline12380:8.14003pt::0.0pt::21.2362pt.
[88


]
l2hSize :tex2html_wrap_inline12382:7.33331pt::7.33331pt::36.21606pt.
[89


]
l2hSize :tex2html_wrap_inline12384:9.85pt::9.85pt::55.80971pt.
[90


]
l2hSize :tex2html_wrap_inline12386:6.95831pt::6.95831pt::19.21013pt.
[91


]
l2hSize :tex2html_wrap_inline12388:6.95831pt::6.95831pt::11.24307pt.
[92


]
l2hSize :tex2html_wrap_inline12390:8.64003pt::8.64003pt::71.83664pt.
[93


]
l2hSize :tex2html_wrap_inline12392:6.83331pt::0.0pt::15.68405pt.
[94


]
l2hSize :tex2html_wrap_inline12394:6.45831pt::0.0pt::6.55908pt.
[95


]
l2hSize :tex2html_wrap_inline12396:8.0pt::8.0pt::37.15967pt.
[96


]
l2hSize :tex2html_wrap_inline12398:8.0pt::8.0pt::37.15967pt.
[97


]
l2hSize :tex2html_wrap_inline12400:6.94444pt::0.0pt::24.66663pt.
[98


]
l2hSize :displaymath13207:23.22246pt::0.0pt::451.0pt.
[99


]
l2hSize :displaymath13212:23.22246pt::0.0pt::451.0pt.
[100


]
l2hSize :displaymath13214:26.02231pt::0.0pt::451.0pt.
[101


]
l2hSize :displaymath13217:31.40027pt::0.0pt::451.0pt.
[102


]
l2hSize :displaymath13460:22.12459pt::0.0pt::451.0pt.
[103


]
l2hSize :tex2html_wrap_inline13721:6.94444pt::0.0pt::30.28122pt.
[104


]
l2hSize :tex2html_wrap_inline13723:8.0pt::8.0pt::19.03476pt.
[105


]
l2hSize :displaymath15117:21.56903pt::0.0pt::451.0pt.
[106


]
l2hSize :tex2html_wrap_inline15127:6.94444pt::0.0pt::6.33339pt.
[107


]
l2hSize :displaymath15118:24.00941pt::0.0pt::451.0pt.
[108


]
l2hSize :tex2html_wrap_inline15131:7.44444pt::7.44444pt::17.86815pt.
[109


]
l2hSize :displaymath15119:21.4579pt::0.0pt::451.0pt.
[110


]
l2hSize :tex2html_wrap_inline15133:8.0pt::8.0pt::25.12851pt.
[111


]
l2hSize :displaymath15120:25.89957pt::0.0pt::451.0pt.
[112


]
l2hSize :tex2html_wrap_inline15135:8.0pt::8.0pt::32.32764pt.
[113


]
l2hSize :tex2html_wrap_inline15137:8.0pt::8.0pt::33.3942pt.
[114


]
l2hSize :tex2html_wrap_inline15139:8.64003pt::8.64003pt::11.05907pt.
[115


]
l2hSize :tex2html_wrap_inline15145:8.0pt::8.0pt::56.38666pt.
[116


]
(immerge.ps
)
l2hSize :figure14478:272.94208pt::0.0pt::451.0pt.
[117


]
l2hSize :eqnarraystar14651:48.91577pt::0.0pt::451.0pt.
[118


]
l2hSize :tex2html_wrap_inline15153:7.33331pt::7.33331pt::21.94594pt.
[119


]
l2hSize :tex2html_wrap_inline15155:7.33331pt::7.33331pt::18.6598pt.
[120


]
l2hSize :tex2html_wrap_inline15157:7.44444pt::7.44444pt::15.28479pt.
[121


]
l2hSize :tex2html_wrap_inline15159:7.44444pt::7.44444pt::16.13202pt.
[122


]
l2hSize :displaymath15121:31.40027pt::0.0pt::451.0pt.
[123


]
l2hSize :tex2html_wrap_inline16155:6.95831pt::6.95831pt::5.67018pt.
[124


]
l2hSize :tex2html_wrap_inline16157:7.33331pt::7.33331pt::17.38135pt.
[125


]
l2hSize :displaymath16151:14.86108pt::0.0pt::451.0pt.
[126


]
l2hSize :tex2html_wrap_inline16161:7.33331pt::7.33331pt::10.82991pt.
[127


]
l2hSize :displaymath16152:14.86108pt::0.0pt::451.0pt.
[128


]
l2hSize :tex2html_wrap_inline16163:8.0pt::8.0pt::62.10426pt.
[129


]
l2hSize :tex2html_wrap_inline16165:7.51782pt::0.0pt::15.61118pt.
[130


]
l2hSize :tex2html_wrap_inline16167:7.51782pt::0.0pt::8.3056pt.
[131


]
l2hSize :tex2html_wrap_inline16169:7.51782pt::0.0pt::15.61118pt.
[132


]
l2hSize :tex2html_wrap_inline16171:7.51782pt::0.0pt::25.6112pt.
[133


] (./images.aux) ) 
Here is how much of TeX's memory you used:
 742 strings out of 495060
 8674 string characters out of 3182053
 54790 words of memory out of 3000000
 3963 multiletter control sequences out of 15000+200000
 9298 words of font info for 35 fonts, out of 3000000 for 9000
 14 hyphenation exceptions out of 8191
 19i,13n,21p,281b,190s stack positions out of 5000i,500n,10000p,200000b,50000s

Output written on images.dvi (133 pages, 23344 bytes).
